Log file open, 04/11/15 19:33:41
LogInit:Display: Running engine for game: DarkCombatEval
LogInit: Version: 4.7.5-2503383+++depot+UE4-Releases+4.7
LogInit: API Version: 2455222
LogInit: Compiled (64-bit): Apr  6 2015 23:21:51
LogInit: Compiled with Visual C++: 18.00.21005.01
LogInit: Build Configuration: Development
LogInit: Branch Name: ++depot+UE4-Releases+4.7
LogInit: Command line: 
LogInit: Base directory: C:/Program Files/Epic Games/4.7/Engine/Binaries/Win64/
LogInit: Rocket: 1
[2015.04.11-23.33.41:788][  0]LogTaskGraph: Started task graph with 3 named threads and 6 total threads.
[2015.04.11-23.33.41:844][  0]LogOnline:Warning: No default platform service specified for OnlineSubsystem
[2015.04.11-23.33.41:859][  0]LogInit: Presizing for 0 objects not considered by GC, pre-allocating 0 bytes.
[2015.04.11-23.33.41:870][  0]LogInit: Object subsystem initialized
[2015.04.11-23.33.41:874][  0]LogInit: Selected Device Profile: [Windows]
[2015.04.11-23.33.41:874][  0]LogInit: Applying CVar settings loaded from the selected device profile: [Windows]
[2015.04.11-23.33.41:881][  0]LogInit: Computer: TRAVIS-RAZER
[2015.04.11-23.33.41:881][  0]LogInit: User: travl000
[2015.04.11-23.33.41:881][  0]LogInit: CPU Page size=4096, Cores=4
[2015.04.11-23.33.41:881][  0]LogInit: High frequency timer resolution =2.143484 MHz
[2015.04.11-23.33.41:881][  0]LogMemory: Memory total: Physical=7.9GB (8GB approx) Virtual=131072.0GB
[2015.04.11-23.33.41:882][  0]LogMemory: Platform Memory Stats for Windows
[2015.04.11-23.33.41:882][  0]LogMemory: Process Physical Memory: 45.65 MB used, 45.65 MB peak
[2015.04.11-23.33.41:882][  0]LogMemory: Process Virtual Memory: 24.58 MB used, 24.65 MB peak
[2015.04.11-23.33.41:882][  0]LogMemory: Physical Memory: 3676.26 MB used, 8115.98 MB total
[2015.04.11-23.33.41:882][  0]LogMemory: Virtual Memory: 290.20 MB used, 134217728.00 MB total
[2015.04.11-23.33.41:918][  0]LogD3D11RHI: Found D3D11 adapter 0: Intel(R) HD Graphics 4600 (Feature Level 11_0)
[2015.04.11-23.33.41:918][  0]LogD3D11RHI: Adapter has 0MB of dedicated video memory, 0MB of dedicated system memory, and 1792MB of shared system memory, 1 output[s]
[2015.04.11-23.33.41:931][  0]LogD3D11RHI: Found D3D11 adapter 1: NVIDIA GeForce GTX 765M (Feature Level 11_0)
[2015.04.11-23.33.41:931][  0]LogD3D11RHI: Adapter has 1986MB of dedicated video memory, 0MB of dedicated system memory, and 2048MB of shared system memory, 0 output[s]
[2015.04.11-23.33.41:932][  0]LogD3D11RHI: Found D3D11 adapter 2: Microsoft Basic Render Driver (Feature Level 11_0)
[2015.04.11-23.33.41:932][  0]LogD3D11RHI: Adapter has 0MB of dedicated video memory, 0MB of dedicated system memory, and 256MB of shared system memory, 0 output[s]
[2015.04.11-23.33.41:932][  0]LogD3D11RHI: Chosen D3D11 Adapter Id = 0
[2015.04.11-23.33.41:936][  0]LogRHI: Texture pool is 1361 MB (70% of 1945 MB)
[2015.04.11-23.33.41:947][  0]LogD3D11RHI: Async texture creation enabled
[2015.04.11-23.33.42:000][  0]LogTextLocalizationManager: The requested culture ('en_US') has no localization data; parent culture's ('en') localization data will be used.
[2015.04.11-23.33.42:062][  0]LogTextLocalizationManager:Warning: Loading localization resources contain conflicting entries for (Namespace:UICommands, Key:Save_ToolTip):
Resource: (C:/Program Files/Epic Games/4.7/Engine/Content/Localization/Editor/en/Editor.locres) Hash: (-29098895) String: (Saves the current level to disk)
Resource: (C:/Program Files/Epic Games/4.7/Engine/Content/Localization/Engine/en/Engine.locres) Hash: (-1280300587) String: (Save selected data to vlog file)
[2015.04.11-23.33.42:062][  0]LogTextLocalizationManager:Warning: Loading localization resources contain conflicting entries for (Namespace:ContentBrowser, Key:ImportAssetToolTip):
Resource: (C:/Program Files/Epic Games/4.7/Engine/Content/Localization/Editor/en/Editor.locres) Hash: (-630476809) String: (Import to {0}...)
Resource: (C:/Program Files/Epic Games/4.7/Engine/Content/Localization/Editor/en/Editor.locres) Hash: (1271782899) String: (Imports an asset from file to this folder.)
[2015.04.11-23.33.42:147][  0]LogContentStreaming: Texture pool size is 0.000000MB
[2015.04.11-23.33.44:497][  0]LogTargetPlatformManager:Display: Building Assets For Windows
[2015.04.11-23.33.44:983][  0]LogTargetPlatformManager:Display: Building Assets For Windows
[2015.04.11-23.33.45:061][  0]LogDerivedDataCache:Display: Max Cache Size: 512 MB
[2015.04.11-23.33.45:104][  0]LogDerivedDataCache: Loaded boot cache 0.04s 39MB C:/Users/travl_000/AppData/Local/UnrealEngine/4.7/DerivedDataCache/Boot.ddc.
[2015.04.11-23.33.45:104][  0]LogDerivedDataCache:Display: Loaded Boot cache: C:/Users/travl_000/AppData/Local/UnrealEngine/4.7/DerivedDataCache/Boot.ddc
[2015.04.11-23.33.45:105][  0]LogDerivedDataCache: FDerivedDataBackendGraph:  Pak pak cache file ../../../../../../Users/travl_000/Documents/GitHub/DarkCombatEval/DerivedDataCache/DDC.ddp not found, will not use a pak cache.
[2015.04.11-23.33.45:105][  0]LogDerivedDataCache: Unable to find inner node Pak for hierarchical cache Hierarchy.
[2015.04.11-23.33.45:248][  0]LogDerivedDataCache:Display: Pak cache opened for reading ../../../Engine/DerivedDataCache/Compressed.ddp.
[2015.04.11-23.33.45:260][  0]LogDerivedDataCache: Using Local data cache path C:/Users/travl_000/AppData/Local/UnrealEngine/Common/DerivedDataCache: Writable
[2015.04.11-23.33.45:574][  0]LogMeshUtilities: No automatic mesh reduction module available
[2015.04.11-23.33.45:574][  0]LogMeshUtilities: No automatic mesh merging module available
[2015.04.11-23.33.45:985][  0]LogInit: WinSock: version 1.1 (2.2), MaxSocks=32767, MaxUdp=65467
[2015.04.11-23.33.46:065][  0]LogSlate:Warning: Failed to load font data from '../../../Engine/Content/Slate/Fonts/Roboto-Italic.ttf'
[2015.04.11-23.33.47:051][  0]UdpMessaging: Initializing bridge on interface 0.0.0.0:0 to multicast group 230.0.0.1:6666.
[2015.04.11-23.33.47:271][  0]SourceControl: Info Source control is disabled
[2015.04.11-23.33.47:271][  0]SourceControl: Info Source control is disabled
[2015.04.11-23.33.47:271][  0]SourceControl: Info Source control is disabled
[2015.04.11-23.33.47:271][  0]LogSourceControl: RunCommandInternalRaw: 'git version'
[2015.04.11-23.33.47:271][  0]LogSourceControl: RunCommandInternalRaw: ExecProcess ReturnCode=2 OutResults=''
[2015.04.11-23.33.47:281][  0]SourceControl: Info Source control is disabled
[2015.04.11-23.33.47:487][  0]LogObj: 24232 objects as part of root set at end of initial load.
[2015.04.11-23.33.47:487][  0]LogUObjectAllocator: 5137168 out of 0 bytes used by permanent object pool.
[2015.04.11-23.33.47:576][  0]LogEngine: Initializing Engine...
[2015.04.11-23.33.49:735][  0]LogInit: XAudio2 using 'Speakers (Realtek High Definition Audio)' : 2 channels at 48 kHz using 32 bits per sample (channel mask 0x3)
[2015.04.11-23.33.49:744][  0]LogInit: FAudioDevice initialized.
[2015.04.11-23.33.49:781][  0]LogAIModule: Creating AISystem for world NewWorld
[2015.04.11-23.33.49:801][  0]LogDerivedDataCache: Saved boot cache 0.02s 39MB C:/Users/travl_000/AppData/Local/UnrealEngine/4.7/DerivedDataCache/Boot.ddc.
[2015.04.11-23.33.49:803][  0]LogInit: Texture streaming: Enabled
[2015.04.11-23.33.49:895][  0]LogAnalytics: Creating configured Analytics provider AnalyticsET
[2015.04.11-23.33.49:895][  0]LogAnalytics: ET APIKey = Rocket.Release. APIServer = http://et2.epicgames.com/ET2/. AppVersion = 4.7.5-2503383+++depot+UE4-Releases+4.7
[2015.04.11-23.33.49:895][  0]LogAnalytics: ET APIKey = Rocket.Release. DataRouterUploadURL = https://datarouter-public-service-gamedev.ol.epicgames.net/datarouter/api/v1/public/data. AppVersion = 4.7.5-2503383+++depot+UE4-Releases+4.7
[2015.04.11-23.33.49:895][  0]LogAnalytics: SetUserId d9fddec04027956b78411d861138b92f|2ae62c09e26b47f1b275586286c08075|b6a8fac1-07be-430d-b518-e0182a18afc4
[2015.04.11-23.33.49:895][  0]LogAnalytics: AnalyticsET::StartSession [Rocket.Release]
[2015.04.11-23.33.49:918][  0]LogInit: Transaction tracking system initialized
[2015.04.11-23.33.50:092][  0]BlueprintLog: New page: Editor Load
[2015.04.11-23.33.50:127][  0]LogAssetRegistry: FAssetRegistry took 0.0111 seconds to start up
[2015.04.11-23.33.50:127][  0]LogDirectoryWatcher:Warning: Failed to begin reading directory changes for ../../../Engine/Plugins/Experimental/CharacterAI/Content/. Error: 0
[2015.04.11-23.33.50:592][  0]LogTargetPlatformManager:Display: Building Assets For Windows
[2015.04.11-23.33.50:901][  0]LogTargetPlatformManager:Display: Building Assets For Windows
[2015.04.11-23.33.55:262][  0]LogSlate:Warning: Failed to load font data from '../../../Engine/Content/Editor/Slate/Fonts/Roboto-Regular.ttf'
[2015.04.11-23.33.55:263][  0]LogSlate:Warning: Failed to load font data from '../../../Engine/Content/Editor/Slate/Fonts/Roboto-Bold.ttf'
[2015.04.11-23.33.55:273][  0]LogConsoleResponse:Display: 
[2015.04.11-23.33.55:422][  0]LogCook:Display: Done creating registry. It took  0.00s.
[2015.04.11-23.33.55:596][  0]SourceControl: Info Source control is disabled
[2015.04.11-23.33.55:597][  0]LogPackageName:Error: DoesPackageExist: DoesPackageExist FAILED: 'StarterContent/StarterContent' is not a standard unreal filename or a long path name. Reason: Path should start with a '/'
[2015.04.11-23.33.55:597][  0]LogPackageName:Error: DoesPackageExist: DoesPackageExist FAILED: 'StarterContent/StarterContent' is not a standard unreal filename or a long path name. Reason: Path should start with a '/'
[2015.04.11-23.33.55:597][  0]LogFactory: FactoryCreateBinary: PackFactory with PackFactory (0 0 C:/Program Files/Epic Games/4.7/FeaturePacks/StarterContent.upack)
[2015.04.11-23.33.57:296][  0]LogPackFactory: Content/StarterContent/Architecture/Floor_400x400.uasset (48141) -> ../../../../../../Users/travl_000/Documents/GitHub/DarkCombatEval/Content/StarterContent/Architecture/Floor_400x400.uasset
[2015.04.11-23.33.57:297][  0]LogPackFactory: Content/StarterContent/Architecture/Pillar_50x500.uasset (65452) -> ../../../../../../Users/travl_000/Documents/GitHub/DarkCombatEval/Content/StarterContent/Architecture/Pillar_50x500.uasset
[2015.04.11-23.33.57:298][  0]LogPackFactory: Content/StarterContent/Architecture/SM_AssetPlatform.uasset (452977) -> ../../../../../../Users/travl_000/Documents/GitHub/DarkCombatEval/Content/StarterContent/Architecture/SM_AssetPlatform.uasset
[2015.04.11-23.33.57:299][  0]LogPackFactory: Content/StarterContent/Architecture/SM_CeilingPiece500x500.uasset (441) -> ../../../../../../Users/travl_000/Documents/GitHub/DarkCombatEval/Content/StarterContent/Architecture/SM_CeilingPiece500x500.uasset
[2015.04.11-23.33.57:300][  0]LogPackFactory: Content/StarterContent/Architecture/SM_FloorPiece500x500.uasset (439) -> ../../../../../../Users/travl_000/Documents/GitHub/DarkCombatEval/Content/StarterContent/Architecture/SM_FloorPiece500x500.uasset
[2015.04.11-23.33.57:300][  0]LogPackFactory: Content/StarterContent/Architecture/Wall_400x200.uasset (42169) -> ../../../../../../Users/travl_000/Documents/GitHub/DarkCombatEval/Content/StarterContent/Architecture/Wall_400x200.uasset
[2015.04.11-23.33.57:301][  0]LogPackFactory: Content/StarterContent/Architecture/Wall_400x300.uasset (41804) -> ../../../../../../Users/travl_000/Documents/GitHub/DarkCombatEval/Content/StarterContent/Architecture/Wall_400x300.uasset
[2015.04.11-23.33.57:302][  0]LogPackFactory: Content/StarterContent/Architecture/Wall_400x400.uasset (43426) -> ../../../../../../Users/travl_000/Documents/GitHub/DarkCombatEval/Content/StarterContent/Architecture/Wall_400x400.uasset
[2015.04.11-23.33.57:303][  0]LogPackFactory: Content/StarterContent/Architecture/Wall_500x500.uasset (57909) -> ../../../../../../Users/travl_000/Documents/GitHub/DarkCombatEval/Content/StarterContent/Architecture/Wall_500x500.uasset
[2015.04.11-23.33.57:303][  0]LogPackFactory: Content/StarterContent/Architecture/Wall_Door_400x300.uasset (52430) -> ../../../../../../Users/travl_000/Documents/GitHub/DarkCombatEval/Content/StarterContent/Architecture/Wall_Door_400x300.uasset
[2015.04.11-23.33.57:304][  0]LogPackFactory: Content/StarterContent/Architecture/Wall_Door_400x400.uasset (53246) -> ../../../../../../Users/travl_000/Documents/GitHub/DarkCombatEval/Content/StarterContent/Architecture/Wall_Door_400x400.uasset
[2015.04.11-23.33.57:305][  0]LogPackFactory: Content/StarterContent/Architecture/Wall_Window_400x300.uasset (53709) -> ../../../../../../Users/travl_000/Documents/GitHub/DarkCombatEval/Content/StarterContent/Architecture/Wall_Window_400x300.uasset
[2015.04.11-23.33.57:306][  0]LogPackFactory: Content/StarterContent/Architecture/Wall_Window_400x400.uasset (54778) -> ../../../../../../Users/travl_000/Documents/GitHub/DarkCombatEval/Content/StarterContent/Architecture/Wall_Window_400x400.uasset
[2015.04.11-23.33.57:307][  0]LogPackFactory: Content/StarterContent/Audio/Collapse01.uasset (348532) -> ../../../../../../Users/travl_000/Documents/GitHub/DarkCombatEval/Content/StarterContent/Audio/Collapse01.uasset
[2015.04.11-23.33.57:308][  0]LogPackFactory: Content/StarterContent/Audio/Collapse02.uasset (346701) -> ../../../../../../Users/travl_000/Documents/GitHub/DarkCombatEval/Content/StarterContent/Audio/Collapse02.uasset
[2015.04.11-23.33.57:308][  0]LogPackFactory: Content/StarterContent/Audio/Collapse_Cue.uasset (6113) -> ../../../../../../Users/travl_000/Documents/GitHub/DarkCombatEval/Content/StarterContent/Audio/Collapse_Cue.uasset
[2015.04.11-23.33.57:309][  0]LogPackFactory: Content/StarterContent/Audio/Explosion01.uasset (282440) -> ../../../../../../Users/travl_000/Documents/GitHub/DarkCombatEval/Content/StarterContent/Audio/Explosion01.uasset
[2015.04.11-23.33.57:310][  0]LogPackFactory: Content/StarterContent/Audio/Explosion02.uasset (289195) -> ../../../../../../Users/travl_000/Documents/GitHub/DarkCombatEval/Content/StarterContent/Audio/Explosion02.uasset
[2015.04.11-23.33.57:311][  0]LogPackFactory: Content/StarterContent/Audio/Explosion_Cue.uasset (7657) -> ../../../../../../Users/travl_000/Documents/GitHub/DarkCombatEval/Content/StarterContent/Audio/Explosion_Cue.uasset
[2015.04.11-23.33.57:311][  0]LogPackFactory: Content/StarterContent/Audio/Fire01.uasset (549696) -> ../../../../../../Users/travl_000/Documents/GitHub/DarkCombatEval/Content/StarterContent/Audio/Fire01.uasset
[2015.04.11-23.33.57:312][  0]LogPackFactory: Content/StarterContent/Audio/Fire01_Cue.uasset (3894) -> ../../../../../../Users/travl_000/Documents/GitHub/DarkCombatEval/Content/StarterContent/Audio/Fire01_Cue.uasset
[2015.04.11-23.33.57:313][  0]LogPackFactory: Content/StarterContent/Audio/Fire_Sparks01.uasset (796274) -> ../../../../../../Users/travl_000/Documents/GitHub/DarkCombatEval/Content/StarterContent/Audio/Fire_Sparks01.uasset
[2015.04.11-23.33.57:314][  0]LogPackFactory: Content/StarterContent/Audio/Fire_Sparks01_Cue.uasset (3908) -> ../../../../../../Users/travl_000/Documents/GitHub/DarkCombatEval/Content/StarterContent/Audio/Fire_Sparks01_Cue.uasset
[2015.04.11-23.33.57:315][  0]LogPackFactory: Content/StarterContent/Audio/Light01.uasset (364532) -> ../../../../../../Users/travl_000/Documents/GitHub/DarkCombatEval/Content/StarterContent/Audio/Light01.uasset
[2015.04.11-23.33.57:315][  0]LogPackFactory: Content/StarterContent/Audio/Light01_Cue.uasset (3852) -> ../../../../../../Users/travl_000/Documents/GitHub/DarkCombatEval/Content/StarterContent/Audio/Light01_Cue.uasset
[2015.04.11-23.33.57:316][  0]LogPackFactory: Content/StarterContent/Audio/Light02.uasset (308156) -> ../../../../../../Users/travl_000/Documents/GitHub/DarkCombatEval/Content/StarterContent/Audio/Light02.uasset
[2015.04.11-23.33.57:317][  0]LogPackFactory: Content/StarterContent/Audio/Light02_Cue.uasset (3852) -> ../../../../../../Users/travl_000/Documents/GitHub/DarkCombatEval/Content/StarterContent/Audio/Light02_Cue.uasset
[2015.04.11-23.33.57:318][  0]LogPackFactory: Content/StarterContent/Audio/Smoke01.uasset (476002) -> ../../../../../../Users/travl_000/Documents/GitHub/DarkCombatEval/Content/StarterContent/Audio/Smoke01.uasset
[2015.04.11-23.33.57:318][  0]LogPackFactory: Content/StarterContent/Audio/Smoke01_Cue.uasset (3872) -> ../../../../../../Users/travl_000/Documents/GitHub/DarkCombatEval/Content/StarterContent/Audio/Smoke01_Cue.uasset
[2015.04.11-23.33.57:319][  0]LogPackFactory: Content/StarterContent/Audio/Starter_Background_Cue.uasset (9874) -> ../../../../../../Users/travl_000/Documents/GitHub/DarkCombatEval/Content/StarterContent/Audio/Starter_Background_Cue.uasset
[2015.04.11-23.33.57:320][  0]LogPackFactory: Content/StarterContent/Audio/Starter_Birds01.uasset (2689459) -> ../../../../../../Users/travl_000/Documents/GitHub/DarkCombatEval/Content/StarterContent/Audio/Starter_Birds01.uasset
[2015.04.11-23.33.57:322][  0]LogPackFactory: Content/StarterContent/Audio/Starter_Music01.uasset (8445372) -> ../../../../../../Users/travl_000/Documents/GitHub/DarkCombatEval/Content/StarterContent/Audio/Starter_Music01.uasset
[2015.04.11-23.33.57:327][  0]LogPackFactory: Content/StarterContent/Audio/Starter_Music_Cue.uasset (3390) -> ../../../../../../Users/travl_000/Documents/GitHub/DarkCombatEval/Content/StarterContent/Audio/Starter_Music_Cue.uasset
[2015.04.11-23.33.57:328][  0]LogPackFactory: Content/StarterContent/Audio/Starter_Wind05.uasset (2312702) -> ../../../../../../Users/travl_000/Documents/GitHub/DarkCombatEval/Content/StarterContent/Audio/Starter_Wind05.uasset
[2015.04.11-23.33.57:330][  0]LogPackFactory: Content/StarterContent/Audio/Starter_Wind06.uasset (2195539) -> ../../../../../../Users/travl_000/Documents/GitHub/DarkCombatEval/Content/StarterContent/Audio/Starter_Wind06.uasset
[2015.04.11-23.33.57:332][  0]LogPackFactory: Content/StarterContent/Audio/Steam01.uasset (819028) -> ../../../../../../Users/travl_000/Documents/GitHub/DarkCombatEval/Content/StarterContent/Audio/Steam01.uasset
[2015.04.11-23.33.57:333][  0]LogPackFactory: Content/StarterContent/Audio/Steam01_Cue.uasset (3900) -> ../../../../../../Users/travl_000/Documents/GitHub/DarkCombatEval/Content/StarterContent/Audio/Steam01_Cue.uasset
[2015.04.11-23.33.57:333][  0]LogPackFactory: Content/StarterContent/Blueprints/Assets/FogBrightnessLUT.uasset (1011) -> ../../../../../../Users/travl_000/Documents/GitHub/DarkCombatEval/Content/StarterContent/Blueprints/Assets/FogBrightnessLUT.uasset
[2015.04.11-23.33.57:334][  0]LogPackFactory: Content/StarterContent/Blueprints/Assets/M_LightStage_Arrows.uasset (44857) -> ../../../../../../Users/travl_000/Documents/GitHub/DarkCombatEval/Content/StarterContent/Blueprints/Assets/M_LightStage_Arrows.uasset
[2015.04.11-23.33.57:335][  0]LogPackFactory: Content/StarterContent/Blueprints/Assets/M_LightStage_Skybox_Black.uasset (67062) -> ../../../../../../Users/travl_000/Documents/GitHub/DarkCombatEval/Content/StarterContent/Blueprints/Assets/M_LightStage_Skybox_Black.uasset
[2015.04.11-23.33.57:336][  0]LogPackFactory: Content/StarterContent/Blueprints/Assets/M_LightStage_Skybox_HDRI.uasset (100458) -> ../../../../../../Users/travl_000/Documents/GitHub/DarkCombatEval/Content/StarterContent/Blueprints/Assets/M_LightStage_Skybox_HDRI.uasset
[2015.04.11-23.33.57:337][  0]LogPackFactory: Content/StarterContent/Blueprints/Assets/M_LightStage_Skybox_Master.uasset (75669) -> ../../../../../../Users/travl_000/Documents/GitHub/DarkCombatEval/Content/StarterContent/Blueprints/Assets/M_LightStage_Skybox_Master.uasset
[2015.04.11-23.33.57:337][  0]LogPackFactory: Content/StarterContent/Blueprints/Assets/Skybox.uasset (644855) -> ../../../../../../Users/travl_000/Documents/GitHub/DarkCombatEval/Content/StarterContent/Blueprints/Assets/Skybox.uasset
[2015.04.11-23.33.57:339][  0]LogPackFactory: Content/StarterContent/Blueprints/Assets/SM_Arrows.uasset (520136) -> ../../../../../../Users/travl_000/Documents/GitHub/DarkCombatEval/Content/StarterContent/Blueprints/Assets/SM_Arrows.uasset
[2015.04.11-23.33.57:340][  0]LogPackFactory: Content/StarterContent/Blueprints/Assets/SunlightColorLUT.uasset (1506) -> ../../../../../../Users/travl_000/Documents/GitHub/DarkCombatEval/Content/StarterContent/Blueprints/Assets/SunlightColorLUT.uasset
[2015.04.11-23.33.57:340][  0]LogPackFactory: Content/StarterContent/Blueprints/Blueprint_CeilingLight.uasset (66613) -> ../../../../../../Users/travl_000/Documents/GitHub/DarkCombatEval/Content/StarterContent/Blueprints/Blueprint_CeilingLight.uasset
[2015.04.11-23.33.57:341][  0]LogPackFactory: Content/StarterContent/Blueprints/Blueprint_Effect_Explosion.uasset (8324) -> ../../../../../../Users/travl_000/Documents/GitHub/DarkCombatEval/Content/StarterContent/Blueprints/Blueprint_Effect_Explosion.uasset
[2015.04.11-23.33.57:342][  0]LogPackFactory: Content/StarterContent/Blueprints/Blueprint_Effect_Fire.uasset (8332) -> ../../../../../../Users/travl_000/Documents/GitHub/DarkCombatEval/Content/StarterContent/Blueprints/Blueprint_Effect_Fire.uasset
[2015.04.11-23.33.57:343][  0]LogPackFactory: Content/StarterContent/Blueprints/Blueprint_Effect_Smoke.uasset (8346) -> ../../../../../../Users/travl_000/Documents/GitHub/DarkCombatEval/Content/StarterContent/Blueprints/Blueprint_Effect_Smoke.uasset
[2015.04.11-23.33.57:343][  0]LogPackFactory: Content/StarterContent/Blueprints/Blueprint_Effect_Sparks.uasset (8365) -> ../../../../../../Users/travl_000/Documents/GitHub/DarkCombatEval/Content/StarterContent/Blueprints/Blueprint_Effect_Sparks.uasset
[2015.04.11-23.33.57:344][  0]LogPackFactory: Content/StarterContent/Blueprints/Blueprint_Effect_Steam.uasset (8354) -> ../../../../../../Users/travl_000/Documents/GitHub/DarkCombatEval/Content/StarterContent/Blueprints/Blueprint_Effect_Steam.uasset
[2015.04.11-23.33.57:345][  0]LogPackFactory: Content/StarterContent/Blueprints/Blueprint_WallSconce.uasset (52866) -> ../../../../../../Users/travl_000/Documents/GitHub/DarkCombatEval/Content/StarterContent/Blueprints/Blueprint_WallSconce.uasset
[2015.04.11-23.33.57:345][  0]LogPackFactory: Content/StarterContent/Blueprints/BP_LightStudio.uasset (337416) -> ../../../../../../Users/travl_000/Documents/GitHub/DarkCombatEval/Content/StarterContent/Blueprints/BP_LightStudio.uasset
[2015.04.11-23.33.57:346][  0]LogPackFactory: Content/StarterContent/HDRI/HDRI_Epic_Courtyard_Daylight.uasset (72364642) -> ../../../../../../Users/travl_000/Documents/GitHub/DarkCombatEval/Content/StarterContent/HDRI/HDRI_Epic_Courtyard_Daylight.uasset
[2015.04.11-23.33.57:384][  0]LogPackFactory: Content/StarterContent/Maps/Advanced_Lighting.umap (223408) -> ../../../../../../Users/travl_000/Documents/GitHub/DarkCombatEval/Content/StarterContent/Maps/Advanced_Lighting.umap
[2015.04.11-23.33.57:385][  0]LogPackFactory: Content/StarterContent/Maps/Minimal_Default.umap (2154106) -> ../../../../../../Users/travl_000/Documents/GitHub/DarkCombatEval/Content/StarterContent/Maps/Minimal_Default.umap
[2015.04.11-23.33.57:387][  0]LogPackFactory: Content/StarterContent/Maps/StarterMap.umap (16371806) -> ../../../../../../Users/travl_000/Documents/GitHub/DarkCombatEval/Content/StarterContent/Maps/StarterMap.umap
[2015.04.11-23.33.57:396][  0]LogPackFactory: Content/StarterContent/Materials/M_AssetPlatform.uasset (68672) -> ../../../../../../Users/travl_000/Documents/GitHub/DarkCombatEval/Content/StarterContent/Materials/M_AssetPlatform.uasset
[2015.04.11-23.33.57:398][  0]LogPackFactory: Content/StarterContent/Materials/M_Basic_Floor.uasset (65286) -> ../../../../../../Users/travl_000/Documents/GitHub/DarkCombatEval/Content/StarterContent/Materials/M_Basic_Floor.uasset
[2015.04.11-23.33.57:398][  0]LogPackFactory: Content/StarterContent/Materials/M_Basic_Wall.uasset (55455) -> ../../../../../../Users/travl_000/Documents/GitHub/DarkCombatEval/Content/StarterContent/Materials/M_Basic_Wall.uasset
[2015.04.11-23.33.57:399][  0]LogPackFactory: Content/StarterContent/Materials/M_Brick_Clay_Beveled.uasset (100568) -> ../../../../../../Users/travl_000/Documents/GitHub/DarkCombatEval/Content/StarterContent/Materials/M_Brick_Clay_Beveled.uasset
[2015.04.11-23.33.57:400][  0]LogPackFactory: Content/StarterContent/Materials/M_Brick_Clay_New.uasset (130734) -> ../../../../../../Users/travl_000/Documents/GitHub/DarkCombatEval/Content/StarterContent/Materials/M_Brick_Clay_New.uasset
[2015.04.11-23.33.57:401][  0]LogPackFactory: Content/StarterContent/Materials/M_Brick_Clay_Old.uasset (123390) -> ../../../../../../Users/travl_000/Documents/GitHub/DarkCombatEval/Content/StarterContent/Materials/M_Brick_Clay_Old.uasset
[2015.04.11-23.33.57:402][  0]LogPackFactory: Content/StarterContent/Materials/M_Brick_Cut_Stone.uasset (122803) -> ../../../../../../Users/travl_000/Documents/GitHub/DarkCombatEval/Content/StarterContent/Materials/M_Brick_Cut_Stone.uasset
[2015.04.11-23.33.57:403][  0]LogPackFactory: Content/StarterContent/Materials/M_Brick_Hewn_Stone.uasset (90915) -> ../../../../../../Users/travl_000/Documents/GitHub/DarkCombatEval/Content/StarterContent/Materials/M_Brick_Hewn_Stone.uasset
[2015.04.11-23.33.57:404][  0]LogPackFactory: Content/StarterContent/Materials/M_Ceramic_Tile_Checker.uasset (91562) -> ../../../../../../Users/travl_000/Documents/GitHub/DarkCombatEval/Content/StarterContent/Materials/M_Ceramic_Tile_Checker.uasset
[2015.04.11-23.33.57:405][  0]LogPackFactory: Content/StarterContent/Materials/M_CobbleStone_Pebble.uasset (122364) -> ../../../../../../Users/travl_000/Documents/GitHub/DarkCombatEval/Content/StarterContent/Materials/M_CobbleStone_Pebble.uasset
[2015.04.11-23.33.57:406][  0]LogPackFactory: Content/StarterContent/Materials/M_CobbleStone_Rough.uasset (199387) -> ../../../../../../Users/travl_000/Documents/GitHub/DarkCombatEval/Content/StarterContent/Materials/M_CobbleStone_Rough.uasset
[2015.04.11-23.33.57:407][  0]LogPackFactory: Content/StarterContent/Materials/M_CobbleStone_Smooth.uasset (206806) -> ../../../../../../Users/travl_000/Documents/GitHub/DarkCombatEval/Content/StarterContent/Materials/M_CobbleStone_Smooth.uasset
[2015.04.11-23.33.57:407][  0]LogPackFactory: Content/StarterContent/Materials/M_ColorGrid_LowSpec.uasset (85099) -> ../../../../../../Users/travl_000/Documents/GitHub/DarkCombatEval/Content/StarterContent/Materials/M_ColorGrid_LowSpec.uasset
[2015.04.11-23.33.57:408][  0]LogPackFactory: Content/StarterContent/Materials/M_Concrete_Grime.uasset (91620) -> ../../../../../../Users/travl_000/Documents/GitHub/DarkCombatEval/Content/StarterContent/Materials/M_Concrete_Grime.uasset
[2015.04.11-23.33.57:409][  0]LogPackFactory: Content/StarterContent/Materials/M_Concrete_Panels.uasset (102285) -> ../../../../../../Users/travl_000/Documents/GitHub/DarkCombatEval/Content/StarterContent/Materials/M_Concrete_Panels.uasset
[2015.04.11-23.33.57:410][  0]LogPackFactory: Content/StarterContent/Materials/M_Concrete_Poured.uasset (104859) -> ../../../../../../Users/travl_000/Documents/GitHub/DarkCombatEval/Content/StarterContent/Materials/M_Concrete_Poured.uasset
[2015.04.11-23.33.57:410][  0]LogPackFactory: Content/StarterContent/Materials/M_Concrete_Tiles.uasset (105831) -> ../../../../../../Users/travl_000/Documents/GitHub/DarkCombatEval/Content/StarterContent/Materials/M_Concrete_Tiles.uasset
[2015.04.11-23.33.57:411][  0]LogPackFactory: Content/StarterContent/Materials/M_Glass.uasset (48151) -> ../../../../../../Users/travl_000/Documents/GitHub/DarkCombatEval/Content/StarterContent/Materials/M_Glass.uasset
[2015.04.11-23.33.57:412][  0]LogPackFactory: Content/StarterContent/Materials/M_Ground_Grass.uasset (95378) -> ../../../../../../Users/travl_000/Documents/GitHub/DarkCombatEval/Content/StarterContent/Materials/M_Ground_Grass.uasset
[2015.04.11-23.33.57:413][  0]LogPackFactory: Content/StarterContent/Materials/M_Ground_Gravel.uasset (120447) -> ../../../../../../Users/travl_000/Documents/GitHub/DarkCombatEval/Content/StarterContent/Materials/M_Ground_Gravel.uasset
[2015.04.11-23.33.57:413][  0]LogPackFactory: Content/StarterContent/Materials/M_Ground_Moss.uasset (128000) -> ../../../../../../Users/travl_000/Documents/GitHub/DarkCombatEval/Content/StarterContent/Materials/M_Ground_Moss.uasset
[2015.04.11-23.33.57:414][  0]LogPackFactory: Content/StarterContent/Materials/M_Metal_Brushed_Nickel.uasset (79826) -> ../../../../../../Users/travl_000/Documents/GitHub/DarkCombatEval/Content/StarterContent/Materials/M_Metal_Brushed_Nickel.uasset
[2015.04.11-23.33.57:415][  0]LogPackFactory: Content/StarterContent/Materials/M_Metal_Burnished_Steel.uasset (97779) -> ../../../../../../Users/travl_000/Documents/GitHub/DarkCombatEval/Content/StarterContent/Materials/M_Metal_Burnished_Steel.uasset
[2015.04.11-23.33.57:415][  0]LogPackFactory: Content/StarterContent/Materials/M_Metal_Chrome.uasset (79618) -> ../../../../../../Users/travl_000/Documents/GitHub/DarkCombatEval/Content/StarterContent/Materials/M_Metal_Chrome.uasset
[2015.04.11-23.33.57:416][  0]LogPackFactory: Content/StarterContent/Materials/M_Metal_Copper.uasset (94475) -> ../../../../../../Users/travl_000/Documents/GitHub/DarkCombatEval/Content/StarterContent/Materials/M_Metal_Copper.uasset
[2015.04.11-23.33.57:417][  0]LogPackFactory: Content/StarterContent/Materials/M_Metal_Gold.uasset (96084) -> ../../../../../../Users/travl_000/Documents/GitHub/DarkCombatEval/Content/StarterContent/Materials/M_Metal_Gold.uasset
[2015.04.11-23.33.57:418][  0]LogPackFactory: Content/StarterContent/Materials/M_Metal_Rust.uasset (109365) -> ../../../../../../Users/travl_000/Documents/GitHub/DarkCombatEval/Content/StarterContent/Materials/M_Metal_Rust.uasset
[2015.04.11-23.33.57:419][  0]LogPackFactory: Content/StarterContent/Materials/M_Metal_Steel.uasset (96230) -> ../../../../../../Users/travl_000/Documents/GitHub/DarkCombatEval/Content/StarterContent/Materials/M_Metal_Steel.uasset
[2015.04.11-23.33.57:419][  0]LogPackFactory: Content/StarterContent/Materials/M_Rock_Basalt.uasset (121462) -> ../../../../../../Users/travl_000/Documents/GitHub/DarkCombatEval/Content/StarterContent/Materials/M_Rock_Basalt.uasset
[2015.04.11-23.33.57:420][  0]LogPackFactory: Content/StarterContent/Materials/M_Rock_Marble_Polished.uasset (98409) -> ../../../../../../Users/travl_000/Documents/GitHub/DarkCombatEval/Content/StarterContent/Materials/M_Rock_Marble_Polished.uasset
[2015.04.11-23.33.57:421][  0]LogPackFactory: Content/StarterContent/Materials/M_Rock_Sandstone.uasset (113552) -> ../../../../../../Users/travl_000/Documents/GitHub/DarkCombatEval/Content/StarterContent/Materials/M_Rock_Sandstone.uasset
[2015.04.11-23.33.57:422][  0]LogPackFactory: Content/StarterContent/Materials/M_Rock_Slate.uasset (110874) -> ../../../../../../Users/travl_000/Documents/GitHub/DarkCombatEval/Content/StarterContent/Materials/M_Rock_Slate.uasset
[2015.04.11-23.33.57:423][  0]LogPackFactory: Content/StarterContent/Materials/M_Tech_Checker_Dot.uasset (98373) -> ../../../../../../Users/travl_000/Documents/GitHub/DarkCombatEval/Content/StarterContent/Materials/M_Tech_Checker_Dot.uasset
[2015.04.11-23.33.57:423][  0]LogPackFactory: Content/StarterContent/Materials/M_Tech_Hex_Tile.uasset (140303) -> ../../../../../../Users/travl_000/Documents/GitHub/DarkCombatEval/Content/StarterContent/Materials/M_Tech_Hex_Tile.uasset
[2015.04.11-23.33.57:424][  0]LogPackFactory: Content/StarterContent/Materials/M_Tech_Hex_Tile_Pulse.uasset (115223) -> ../../../../../../Users/travl_000/Documents/GitHub/DarkCombatEval/Content/StarterContent/Materials/M_Tech_Hex_Tile_Pulse.uasset
[2015.04.11-23.33.57:425][  0]LogPackFactory: Content/StarterContent/Materials/M_Tech_Panel.uasset (98003) -> ../../../../../../Users/travl_000/Documents/GitHub/DarkCombatEval/Content/StarterContent/Materials/M_Tech_Panel.uasset
[2015.04.11-23.33.57:426][  0]LogPackFactory: Content/StarterContent/Materials/M_Water_Lake.uasset (96267) -> ../../../../../../Users/travl_000/Documents/GitHub/DarkCombatEval/Content/StarterContent/Materials/M_Water_Lake.uasset
[2015.04.11-23.33.57:427][  0]LogPackFactory: Content/StarterContent/Materials/M_Water_Ocean.uasset (100717) -> ../../../../../../Users/travl_000/Documents/GitHub/DarkCombatEval/Content/StarterContent/Materials/M_Water_Ocean.uasset
[2015.04.11-23.33.57:427][  0]LogPackFactory: Content/StarterContent/Materials/M_Wood_Floor_Walnut_Polished.uasset (82816) -> ../../../../../../Users/travl_000/Documents/GitHub/DarkCombatEval/Content/StarterContent/Materials/M_Wood_Floor_Walnut_Polished.uasset
[2015.04.11-23.33.57:428][  0]LogPackFactory: Content/StarterContent/Materials/M_Wood_Floor_Walnut_Worn.uasset (100628) -> ../../../../../../Users/travl_000/Documents/GitHub/DarkCombatEval/Content/StarterContent/Materials/M_Wood_Floor_Walnut_Worn.uasset
[2015.04.11-23.33.57:429][  0]LogPackFactory: Content/StarterContent/Materials/M_Wood_Oak.uasset (107121) -> ../../../../../../Users/travl_000/Documents/GitHub/DarkCombatEval/Content/StarterContent/Materials/M_Wood_Oak.uasset
[2015.04.11-23.33.57:430][  0]LogPackFactory: Content/StarterContent/Materials/M_Wood_Pine.uasset (97740) -> ../../../../../../Users/travl_000/Documents/GitHub/DarkCombatEval/Content/StarterContent/Materials/M_Wood_Pine.uasset
[2015.04.11-23.33.57:430][  0]LogPackFactory: Content/StarterContent/Materials/M_Wood_Walnut.uasset (93022) -> ../../../../../../Users/travl_000/Documents/GitHub/DarkCombatEval/Content/StarterContent/Materials/M_Wood_Walnut.uasset
[2015.04.11-23.33.57:431][  0]LogPackFactory: Content/StarterContent/Particles/Materials/M_Burst.uasset (43524) -> ../../../../../../Users/travl_000/Documents/GitHub/DarkCombatEval/Content/StarterContent/Particles/Materials/M_Burst.uasset
[2015.04.11-23.33.57:432][  0]LogPackFactory: Content/StarterContent/Particles/Materials/M_Dust_Particle.uasset (40952) -> ../../../../../../Users/travl_000/Documents/GitHub/DarkCombatEval/Content/StarterContent/Particles/Materials/M_Dust_Particle.uasset
[2015.04.11-23.33.57:433][  0]LogPackFactory: Content/StarterContent/Particles/Materials/M_explosion_subUV.uasset (62151) -> ../../../../../../Users/travl_000/Documents/GitHub/DarkCombatEval/Content/StarterContent/Particles/Materials/M_explosion_subUV.uasset
[2015.04.11-23.33.57:433][  0]LogPackFactory: Content/StarterContent/Particles/Materials/M_Fire_SubUV.uasset (62224) -> ../../../../../../Users/travl_000/Documents/GitHub/DarkCombatEval/Content/StarterContent/Particles/Materials/M_Fire_SubUV.uasset
[2015.04.11-23.33.57:434][  0]LogPackFactory: Content/StarterContent/Particles/Materials/m_flare_01.uasset (48172) -> ../../../../../../Users/travl_000/Documents/GitHub/DarkCombatEval/Content/StarterContent/Particles/Materials/m_flare_01.uasset
[2015.04.11-23.33.57:435][  0]LogPackFactory: Content/StarterContent/Particles/Materials/M_Heat_Distortion.uasset (38287) -> ../../../../../../Users/travl_000/Documents/GitHub/DarkCombatEval/Content/StarterContent/Particles/Materials/M_Heat_Distortion.uasset
[2015.04.11-23.33.57:436][  0]LogPackFactory: Content/StarterContent/Particles/Materials/M_Radial_Gradient.uasset (41181) -> ../../../../../../Users/travl_000/Documents/GitHub/DarkCombatEval/Content/StarterContent/Particles/Materials/M_Radial_Gradient.uasset
[2015.04.11-23.33.57:436][  0]LogPackFactory: Content/StarterContent/Particles/Materials/M_radial_ramp.uasset (41193) -> ../../../../../../Users/travl_000/Documents/GitHub/DarkCombatEval/Content/StarterContent/Particles/Materials/M_radial_ramp.uasset
[2015.04.11-23.33.57:437][  0]LogPackFactory: Content/StarterContent/Particles/Materials/M_smoke_subUV.uasset (76603) -> ../../../../../../Users/travl_000/Documents/GitHub/DarkCombatEval/Content/StarterContent/Particles/Materials/M_smoke_subUV.uasset
[2015.04.11-23.33.57:438][  0]LogPackFactory: Content/StarterContent/Particles/Materials/M_Spark.uasset (43678) -> ../../../../../../Users/travl_000/Documents/GitHub/DarkCombatEval/Content/StarterContent/Particles/Materials/M_Spark.uasset
[2015.04.11-23.33.57:439][  0]LogPackFactory: Content/StarterContent/Particles/P_Ambient_Dust.uasset (43456) -> ../../../../../../Users/travl_000/Documents/GitHub/DarkCombatEval/Content/StarterContent/Particles/P_Ambient_Dust.uasset
[2015.04.11-23.33.57:439][  0]LogPackFactory: Content/StarterContent/Particles/P_Explosion.uasset (280221) -> ../../../../../../Users/travl_000/Documents/GitHub/DarkCombatEval/Content/StarterContent/Particles/P_Explosion.uasset
[2015.04.11-23.33.57:440][  0]LogPackFactory: Content/StarterContent/Particles/P_Fire.uasset (259431) -> ../../../../../../Users/travl_000/Documents/GitHub/DarkCombatEval/Content/StarterContent/Particles/P_Fire.uasset
[2015.04.11-23.33.57:441][  0]LogPackFactory: Content/StarterContent/Particles/P_Smoke.uasset (65670) -> ../../../../../../Users/travl_000/Documents/GitHub/DarkCombatEval/Content/StarterContent/Particles/P_Smoke.uasset
[2015.04.11-23.33.57:442][  0]LogPackFactory: Content/StarterContent/Particles/P_Sparks.uasset (171805) -> ../../../../../../Users/travl_000/Documents/GitHub/DarkCombatEval/Content/StarterContent/Particles/P_Sparks.uasset
[2015.04.11-23.33.57:443][  0]LogPackFactory: Content/StarterContent/Particles/P_Steam_Lit.uasset (117332) -> ../../../../../../Users/travl_000/Documents/GitHub/DarkCombatEval/Content/StarterContent/Particles/P_Steam_Lit.uasset
[2015.04.11-23.33.57:444][  0]LogPackFactory: Content/StarterContent/Props/Materials/M_Bush.uasset (99988) -> ../../../../../../Users/travl_000/Documents/GitHub/DarkCombatEval/Content/StarterContent/Props/Materials/M_Bush.uasset
[2015.04.11-23.33.57:445][  0]LogPackFactory: Content/StarterContent/Props/Materials/M_Chair.uasset (90187) -> ../../../../../../Users/travl_000/Documents/GitHub/DarkCombatEval/Content/StarterContent/Props/Materials/M_Chair.uasset
[2015.04.11-23.33.57:445][  0]LogPackFactory: Content/StarterContent/Props/Materials/M_Door.uasset (87249) -> ../../../../../../Users/travl_000/Documents/GitHub/DarkCombatEval/Content/StarterContent/Props/Materials/M_Door.uasset
[2015.04.11-23.33.57:446][  0]LogPackFactory: Content/StarterContent/Props/Materials/M_Frame.uasset (78682) -> ../../../../../../Users/travl_000/Documents/GitHub/DarkCombatEval/Content/StarterContent/Props/Materials/M_Frame.uasset
[2015.04.11-23.33.57:447][  0]LogPackFactory: Content/StarterContent/Props/Materials/M_Lamp.uasset (90486) -> ../../../../../../Users/travl_000/Documents/GitHub/DarkCombatEval/Content/StarterContent/Props/Materials/M_Lamp.uasset
[2015.04.11-23.33.57:448][  0]LogPackFactory: Content/StarterContent/Props/Materials/M_MaterialSphere.uasset (66766) -> ../../../../../../Users/travl_000/Documents/GitHub/DarkCombatEval/Content/StarterContent/Props/Materials/M_MaterialSphere.uasset
[2015.04.11-23.33.57:449][  0]LogPackFactory: Content/StarterContent/Props/Materials/M_MaterialSphere_Plain.uasset (58832) -> ../../../../../../Users/travl_000/Documents/GitHub/DarkCombatEval/Content/StarterContent/Props/Materials/M_MaterialSphere_Plain.uasset
[2015.04.11-23.33.57:449][  0]LogPackFactory: Content/StarterContent/Props/Materials/M_Rock.uasset (114715) -> ../../../../../../Users/travl_000/Documents/GitHub/DarkCombatEval/Content/StarterContent/Props/Materials/M_Rock.uasset
[2015.04.11-23.33.57:450][  0]LogPackFactory: Content/StarterContent/Props/Materials/M_Shelf.uasset (78255) -> ../../../../../../Users/travl_000/Documents/GitHub/DarkCombatEval/Content/StarterContent/Props/Materials/M_Shelf.uasset
[2015.04.11-23.33.57:451][  0]LogPackFactory: Content/StarterContent/Props/Materials/M_Statue.uasset (72790) -> ../../../../../../Users/travl_000/Documents/GitHub/DarkCombatEval/Content/StarterContent/Props/Materials/M_Statue.uasset
[2015.04.11-23.33.57:451][  0]LogPackFactory: Content/StarterContent/Props/Materials/M_StatueGlass.uasset (56436) -> ../../../../../../Users/travl_000/Documents/GitHub/DarkCombatEval/Content/StarterContent/Props/Materials/M_StatueGlass.uasset
[2015.04.11-23.33.57:452][  0]LogPackFactory: Content/StarterContent/Props/Materials/M_TableRound.uasset (89531) -> ../../../../../../Users/travl_000/Documents/GitHub/DarkCombatEval/Content/StarterContent/Props/Materials/M_TableRound.uasset
[2015.04.11-23.33.57:453][  0]LogPackFactory: Content/StarterContent/Props/MaterialSphere.uasset (174533) -> ../../../../../../Users/travl_000/Documents/GitHub/DarkCombatEval/Content/StarterContent/Props/MaterialSphere.uasset
[2015.04.11-23.33.57:454][  0]LogPackFactory: Content/StarterContent/Props/SM_Bush.uasset (152902) -> ../../../../../../Users/travl_000/Documents/GitHub/DarkCombatEval/Content/StarterContent/Props/SM_Bush.uasset
[2015.04.11-23.33.57:455][  0]LogPackFactory: Content/StarterContent/Props/SM_Chair.uasset (213058) -> ../../../../../../Users/travl_000/Documents/GitHub/DarkCombatEval/Content/StarterContent/Props/SM_Chair.uasset
[2015.04.11-23.33.57:456][  0]LogPackFactory: Content/StarterContent/Props/SM_CornerFrame.uasset (104587) -> ../../../../../../Users/travl_000/Documents/GitHub/DarkCombatEval/Content/StarterContent/Props/SM_CornerFrame.uasset
[2015.04.11-23.33.57:456][  0]LogPackFactory: Content/StarterContent/Props/SM_Couch.uasset (254658) -> ../../../../../../Users/travl_000/Documents/GitHub/DarkCombatEval/Content/StarterContent/Props/SM_Couch.uasset
[2015.04.11-23.33.57:457][  0]LogPackFactory: Content/StarterContent/Props/SM_Door.uasset (214917) -> ../../../../../../Users/travl_000/Documents/GitHub/DarkCombatEval/Content/StarterContent/Props/SM_Door.uasset
[2015.04.11-23.33.57:458][  0]LogPackFactory: Content/StarterContent/Props/SM_DoorFrame.uasset (65546) -> ../../../../../../Users/travl_000/Documents/GitHub/DarkCombatEval/Content/StarterContent/Props/SM_DoorFrame.uasset
[2015.04.11-23.33.57:459][  0]LogPackFactory: Content/StarterContent/Props/SM_GlassWindow.uasset (97538) -> ../../../../../../Users/travl_000/Documents/GitHub/DarkCombatEval/Content/StarterContent/Props/SM_GlassWindow.uasset
[2015.04.11-23.33.57:460][  0]LogPackFactory: Content/StarterContent/Props/SM_Lamp_Ceiling.uasset (318571) -> ../../../../../../Users/travl_000/Documents/GitHub/DarkCombatEval/Content/StarterContent/Props/SM_Lamp_Ceiling.uasset
[2015.04.11-23.33.57:461][  0]LogPackFactory: Content/StarterContent/Props/SM_Lamp_Wall.uasset (140246) -> ../../../../../../Users/travl_000/Documents/GitHub/DarkCombatEval/Content/StarterContent/Props/SM_Lamp_Wall.uasset
[2015.04.11-23.33.57:461][  0]LogPackFactory: Content/StarterContent/Props/SM_MatPreviewMesh_02.uasset (2396647) -> ../../../../../../Users/travl_000/Documents/GitHub/DarkCombatEval/Content/StarterContent/Props/SM_MatPreviewMesh_02.uasset
[2015.04.11-23.33.57:463][  0]LogPackFactory: Content/StarterContent/Props/SM_PillarFrame.uasset (127007) -> ../../../../../../Users/travl_000/Documents/GitHub/DarkCombatEval/Content/StarterContent/Props/SM_PillarFrame.uasset
[2015.04.11-23.33.57:464][  0]LogPackFactory: Content/StarterContent/Props/SM_PillarFrame300.uasset (124350) -> ../../../../../../Users/travl_000/Documents/GitHub/DarkCombatEval/Content/StarterContent/Props/SM_PillarFrame300.uasset
[2015.04.11-23.33.57:465][  0]LogPackFactory: Content/StarterContent/Props/SM_Rock.uasset (175516) -> ../../../../../../Users/travl_000/Documents/GitHub/DarkCombatEval/Content/StarterContent/Props/SM_Rock.uasset
[2015.04.11-23.33.57:465][  0]LogPackFactory: Content/StarterContent/Props/SM_Shelf.uasset (108862) -> ../../../../../../Users/travl_000/Documents/GitHub/DarkCombatEval/Content/StarterContent/Props/SM_Shelf.uasset
[2015.04.11-23.33.57:466][  0]LogPackFactory: Content/StarterContent/Props/SM_Stairs.uasset (66807) -> ../../../../../../Users/travl_000/Documents/GitHub/DarkCombatEval/Content/StarterContent/Props/SM_Stairs.uasset
[2015.04.11-23.33.57:467][  0]LogPackFactory: Content/StarterContent/Props/SM_Statue.uasset (537153) -> ../../../../../../Users/travl_000/Documents/GitHub/DarkCombatEval/Content/StarterContent/Props/SM_Statue.uasset
[2015.04.11-23.33.57:468][  0]LogPackFactory: Content/StarterContent/Props/SM_TableRound.uasset (528732) -> ../../../../../../Users/travl_000/Documents/GitHub/DarkCombatEval/Content/StarterContent/Props/SM_TableRound.uasset
[2015.04.11-23.33.57:469][  0]LogPackFactory: Content/StarterContent/Props/SM_WindowFrame.uasset (68758) -> ../../../../../../Users/travl_000/Documents/GitHub/DarkCombatEval/Content/StarterContent/Props/SM_WindowFrame.uasset
[2015.04.11-23.33.57:470][  0]LogPackFactory: Content/StarterContent/Shapes/Shape_Cone.uasset (94233) -> ../../../../../../Users/travl_000/Documents/GitHub/DarkCombatEval/Content/StarterContent/Shapes/Shape_Cone.uasset
[2015.04.11-23.33.57:471][  0]LogPackFactory: Content/StarterContent/Shapes/Shape_Cube.uasset (45498) -> ../../../../../../Users/travl_000/Documents/GitHub/DarkCombatEval/Content/StarterContent/Shapes/Shape_Cube.uasset
[2015.04.11-23.33.57:472][  0]LogPackFactory: Content/StarterContent/Shapes/Shape_Cylinder.uasset (109276) -> ../../../../../../Users/travl_000/Documents/GitHub/DarkCombatEval/Content/StarterContent/Shapes/Shape_Cylinder.uasset
[2015.04.11-23.33.57:473][  0]LogPackFactory: Content/StarterContent/Shapes/Shape_NarrowCapsule.uasset (211325) -> ../../../../../../Users/travl_000/Documents/GitHub/DarkCombatEval/Content/StarterContent/Shapes/Shape_NarrowCapsule.uasset
[2015.04.11-23.33.57:474][  0]LogPackFactory: Content/StarterContent/Shapes/Shape_Pipe.uasset (78407) -> ../../../../../../Users/travl_000/Documents/GitHub/DarkCombatEval/Content/StarterContent/Shapes/Shape_Pipe.uasset
[2015.04.11-23.33.57:474][  0]LogPackFactory: Content/StarterContent/Shapes/Shape_Pipe_180.uasset (193692) -> ../../../../../../Users/travl_000/Documents/GitHub/DarkCombatEval/Content/StarterContent/Shapes/Shape_Pipe_180.uasset
[2015.04.11-23.33.57:475][  0]LogPackFactory: Content/StarterContent/Shapes/Shape_Pipe_90.uasset (120200) -> ../../../../../../Users/travl_000/Documents/GitHub/DarkCombatEval/Content/StarterContent/Shapes/Shape_Pipe_90.uasset
[2015.04.11-23.33.57:476][  0]LogPackFactory: Content/StarterContent/Shapes/Shape_Plane.uasset (43121) -> ../../../../../../Users/travl_000/Documents/GitHub/DarkCombatEval/Content/StarterContent/Shapes/Shape_Plane.uasset
[2015.04.11-23.33.57:477][  0]LogPackFactory: Content/StarterContent/Shapes/Shape_QuadPyramid.uasset (43744) -> ../../../../../../Users/travl_000/Documents/GitHub/DarkCombatEval/Content/StarterContent/Shapes/Shape_QuadPyramid.uasset
[2015.04.11-23.33.57:477][  0]LogPackFactory: Content/StarterContent/Shapes/Shape_Sphere.uasset (264634) -> ../../../../../../Users/travl_000/Documents/GitHub/DarkCombatEval/Content/StarterContent/Shapes/Shape_Sphere.uasset
[2015.04.11-23.33.57:478][  0]LogPackFactory: Content/StarterContent/Shapes/Shape_Torus.uasset (558042) -> ../../../../../../Users/travl_000/Documents/GitHub/DarkCombatEval/Content/StarterContent/Shapes/Shape_Torus.uasset
[2015.04.11-23.33.57:479][  0]LogPackFactory: Content/StarterContent/Shapes/Shape_Trim.uasset (51867) -> ../../../../../../Users/travl_000/Documents/GitHub/DarkCombatEval/Content/StarterContent/Shapes/Shape_Trim.uasset
[2015.04.11-23.33.57:480][  0]LogPackFactory: Content/StarterContent/Shapes/Shape_Trim_90_In.uasset (74804) -> ../../../../../../Users/travl_000/Documents/GitHub/DarkCombatEval/Content/StarterContent/Shapes/Shape_Trim_90_In.uasset
[2015.04.11-23.33.57:480][  0]LogPackFactory: Content/StarterContent/Shapes/Shape_Trim_90_Out.uasset (75706) -> ../../../../../../Users/travl_000/Documents/GitHub/DarkCombatEval/Content/StarterContent/Shapes/Shape_Trim_90_Out.uasset
[2015.04.11-23.33.57:481][  0]LogPackFactory: Content/StarterContent/Shapes/Shape_TriPyramid.uasset (41629) -> ../../../../../../Users/travl_000/Documents/GitHub/DarkCombatEval/Content/StarterContent/Shapes/Shape_TriPyramid.uasset
[2015.04.11-23.33.57:482][  0]LogPackFactory: Content/StarterContent/Shapes/Shape_Tube.uasset (190123) -> ../../../../../../Users/travl_000/Documents/GitHub/DarkCombatEval/Content/StarterContent/Shapes/Shape_Tube.uasset
[2015.04.11-23.33.57:483][  0]LogPackFactory: Content/StarterContent/Shapes/Shape_Wedge_A.uasset (45020) -> ../../../../../../Users/travl_000/Documents/GitHub/DarkCombatEval/Content/StarterContent/Shapes/Shape_Wedge_A.uasset
[2015.04.11-23.33.57:484][  0]LogPackFactory: Content/StarterContent/Shapes/Shape_Wedge_B.uasset (40642) -> ../../../../../../Users/travl_000/Documents/GitHub/DarkCombatEval/Content/StarterContent/Shapes/Shape_Wedge_B.uasset
[2015.04.11-23.33.57:484][  0]LogPackFactory: Content/StarterContent/Shapes/Shape_WideCapsule.uasset (150007) -> ../../../../../../Users/travl_000/Documents/GitHub/DarkCombatEval/Content/StarterContent/Shapes/Shape_WideCapsule.uasset
[2015.04.11-23.33.57:485][  0]LogPackFactory: Content/StarterContent/Textures/Metal_Tile_2.uasset (446) -> ../../../../../../Users/travl_000/Documents/GitHub/DarkCombatEval/Content/StarterContent/Textures/Metal_Tile_2.uasset
[2015.04.11-23.33.57:486][  0]LogPackFactory: Content/StarterContent/Textures/Metal_Tile_2_N.uasset (450) -> ../../../../../../Users/travl_000/Documents/GitHub/DarkCombatEval/Content/StarterContent/Textures/Metal_Tile_2_N.uasset
[2015.04.11-23.33.57:486][  0]LogPackFactory: Content/StarterContent/Textures/Sky54a2048.uasset (446) -> ../../../../../../Users/travl_000/Documents/GitHub/DarkCombatEval/Content/StarterContent/Textures/Sky54a2048.uasset
[2015.04.11-23.33.57:487][  0]LogPackFactory: Content/StarterContent/Textures/Sky54a2048LDR.uasset (449) -> ../../../../../../Users/travl_000/Documents/GitHub/DarkCombatEval/Content/StarterContent/Textures/Sky54a2048LDR.uasset
[2015.04.11-23.33.57:488][  0]LogPackFactory: Content/StarterContent/Textures/T_ArmorMetal01.uasset (450) -> ../../../../../../Users/travl_000/Documents/GitHub/DarkCombatEval/Content/StarterContent/Textures/T_ArmorMetal01.uasset
[2015.04.11-23.33.57:489][  0]LogPackFactory: Content/StarterContent/Textures/T_ArmorMetal01_N.uasset (452) -> ../../../../../../Users/travl_000/Documents/GitHub/DarkCombatEval/Content/StarterContent/Textures/T_ArmorMetal01_N.uasset
[2015.04.11-23.33.57:489][  0]LogPackFactory: Content/StarterContent/Textures/T_Bark02_D.uasset (446) -> ../../../../../../Users/travl_000/Documents/GitHub/DarkCombatEval/Content/StarterContent/Textures/T_Bark02_D.uasset
[2015.04.11-23.33.57:490][  0]LogPackFactory: Content/StarterContent/Textures/T_Bark02_N.uasset (446) -> ../../../../../../Users/travl_000/Documents/GitHub/DarkCombatEval/Content/StarterContent/Textures/T_Bark02_N.uasset
[2015.04.11-23.33.57:490][  0]LogPackFactory: Content/StarterContent/Textures/T_Base_Metal_Gray_D.uasset (455) -> ../../../../../../Users/travl_000/Documents/GitHub/DarkCombatEval/Content/StarterContent/Textures/T_Base_Metal_Gray_D.uasset
[2015.04.11-23.33.57:491][  0]LogPackFactory: Content/StarterContent/Textures/T_Base_Metal_Gray_N.uasset (455) -> ../../../../../../Users/travl_000/Documents/GitHub/DarkCombatEval/Content/StarterContent/Textures/T_Base_Metal_Gray_N.uasset
[2015.04.11-23.33.57:492][  0]LogPackFactory: Content/StarterContent/Textures/T_Brick_Clay_Beveled_D.uasset (7649619) -> ../../../../../../Users/travl_000/Documents/GitHub/DarkCombatEval/Content/StarterContent/Textures/T_Brick_Clay_Beveled_D.uasset
[2015.04.11-23.33.57:496][  0]LogPackFactory: Content/StarterContent/Textures/T_Brick_Clay_Beveled_M.uasset (8326301) -> ../../../../../../Users/travl_000/Documents/GitHub/DarkCombatEval/Content/StarterContent/Textures/T_Brick_Clay_Beveled_M.uasset
[2015.04.11-23.33.57:501][  0]LogPackFactory: Content/StarterContent/Textures/T_Brick_Clay_Beveled_N.uasset (7553391) -> ../../../../../../Users/travl_000/Documents/GitHub/DarkCombatEval/Content/StarterContent/Textures/T_Brick_Clay_Beveled_N.uasset
[2015.04.11-23.33.57:506][  0]LogPackFactory: Content/StarterContent/Textures/T_Brick_Clay_New_D.uasset (6035708) -> ../../../../../../Users/travl_000/Documents/GitHub/DarkCombatEval/Content/StarterContent/Textures/T_Brick_Clay_New_D.uasset
[2015.04.11-23.33.57:510][  0]LogPackFactory: Content/StarterContent/Textures/T_Brick_Clay_New_M.uasset (9201530) -> ../../../../../../Users/travl_000/Documents/GitHub/DarkCombatEval/Content/StarterContent/Textures/T_Brick_Clay_New_M.uasset
[2015.04.11-23.33.57:515][  0]LogPackFactory: Content/StarterContent/Textures/T_Brick_Clay_New_N.uasset (7865847) -> ../../../../../../Users/travl_000/Documents/GitHub/DarkCombatEval/Content/StarterContent/Textures/T_Brick_Clay_New_N.uasset
[2015.04.11-23.33.57:520][  0]LogPackFactory: Content/StarterContent/Textures/T_Brick_Clay_Old_D.uasset (11424774) -> ../../../../../../Users/travl_000/Documents/GitHub/DarkCombatEval/Content/StarterContent/Textures/T_Brick_Clay_Old_D.uasset
[2015.04.11-23.33.57:527][  0]LogPackFactory: Content/StarterContent/Textures/T_Brick_Clay_Old_N.uasset (7794699) -> ../../../../../../Users/travl_000/Documents/GitHub/DarkCombatEval/Content/StarterContent/Textures/T_Brick_Clay_Old_N.uasset
[2015.04.11-23.33.57:532][  0]LogPackFactory: Content/StarterContent/Textures/T_Brick_Cut_Stone_D.uasset (13386492) -> ../../../../../../Users/travl_000/Documents/GitHub/DarkCombatEval/Content/StarterContent/Textures/T_Brick_Cut_Stone_D.uasset
[2015.04.11-23.33.57:541][  0]LogPackFactory: Content/StarterContent/Textures/T_Brick_Cut_Stone_N.uasset (6679434) -> ../../../../../../Users/travl_000/Documents/GitHub/DarkCombatEval/Content/StarterContent/Textures/T_Brick_Cut_Stone_N.uasset
[2015.04.11-23.33.57:545][  0]LogPackFactory: Content/StarterContent/Textures/T_Brick_Hewn_Stone_D.uasset (7446677) -> ../../../../../../Users/travl_000/Documents/GitHub/DarkCombatEval/Content/StarterContent/Textures/T_Brick_Hewn_Stone_D.uasset
[2015.04.11-23.33.57:549][  0]LogPackFactory: Content/StarterContent/Textures/T_Brick_Hewn_Stone_M.uasset (6802269) -> ../../../../../../Users/travl_000/Documents/GitHub/DarkCombatEval/Content/StarterContent/Textures/T_Brick_Hewn_Stone_M.uasset
[2015.04.11-23.33.57:554][  0]LogPackFactory: Content/StarterContent/Textures/T_Brick_Hewn_Stone_N.uasset (8992435) -> ../../../../../../Users/travl_000/Documents/GitHub/DarkCombatEval/Content/StarterContent/Textures/T_Brick_Hewn_Stone_N.uasset
[2015.04.11-23.33.57:560][  0]LogPackFactory: Content/StarterContent/Textures/T_Burst_M.uasset (150025) -> ../../../../../../Users/travl_000/Documents/GitHub/DarkCombatEval/Content/StarterContent/Textures/T_Burst_M.uasset
[2015.04.11-23.33.57:561][  0]LogPackFactory: Content/StarterContent/Textures/T_Bush_D.uasset (552540) -> ../../../../../../Users/travl_000/Documents/GitHub/DarkCombatEval/Content/StarterContent/Textures/T_Bush_D.uasset
[2015.04.11-23.33.57:562][  0]LogPackFactory: Content/StarterContent/Textures/T_Bush_N.uasset (396574) -> ../../../../../../Users/travl_000/Documents/GitHub/DarkCombatEval/Content/StarterContent/Textures/T_Bush_N.uasset
[2015.04.11-23.33.57:563][  0]LogPackFactory: Content/StarterContent/Textures/T_Ceramic_Tile_M.uasset (277243) -> ../../../../../../Users/travl_000/Documents/GitHub/DarkCombatEval/Content/StarterContent/Textures/T_Ceramic_Tile_M.uasset
[2015.04.11-23.33.57:563][  0]LogPackFactory: Content/StarterContent/Textures/T_Ceramic_Tile_N.uasset (228293) -> ../../../../../../Users/travl_000/Documents/GitHub/DarkCombatEval/Content/StarterContent/Textures/T_Ceramic_Tile_N.uasset
[2015.04.11-23.33.57:565][  0]LogPackFactory: Content/StarterContent/Textures/T_Chair_M.uasset (576769) -> ../../../../../../Users/travl_000/Documents/GitHub/DarkCombatEval/Content/StarterContent/Textures/T_Chair_M.uasset
[2015.04.11-23.33.57:566][  0]LogPackFactory: Content/StarterContent/Textures/T_Chair_N.uasset (1937145) -> ../../../../../../Users/travl_000/Documents/GitHub/DarkCombatEval/Content/StarterContent/Textures/T_Chair_N.uasset
[2015.04.11-23.33.57:568][  0]LogPackFactory: Content/StarterContent/Textures/T_Checker_Noise_M.uasset (158406) -> ../../../../../../Users/travl_000/Documents/GitHub/DarkCombatEval/Content/StarterContent/Textures/T_Checker_Noise_M.uasset
[2015.04.11-23.33.57:569][  0]LogPackFactory: Content/StarterContent/Textures/T_Cliff_M.uasset (432) -> ../../../../../../Users/travl_000/Documents/GitHub/DarkCombatEval/Content/StarterContent/Textures/T_Cliff_M.uasset
[2015.04.11-23.33.57:570][  0]LogPackFactory: Content/StarterContent/Textures/T_Cliff_N.uasset (432) -> ../../../../../../Users/travl_000/Documents/GitHub/DarkCombatEval/Content/StarterContent/Textures/T_Cliff_N.uasset
[2015.04.11-23.33.57:571][  0]LogPackFactory: Content/StarterContent/Textures/T_Cobble_01_H.uasset (449) -> ../../../../../../Users/travl_000/Documents/GitHub/DarkCombatEval/Content/StarterContent/Textures/T_Cobble_01_H.uasset
[2015.04.11-23.33.57:572][  0]LogPackFactory: Content/StarterContent/Textures/T_CobbleDark_01_D.uasset (453) -> ../../../../../../Users/travl_000/Documents/GitHub/DarkCombatEval/Content/StarterContent/Textures/T_CobbleDark_01_D.uasset
[2015.04.11-23.33.57:573][  0]LogPackFactory: Content/StarterContent/Textures/T_CobbleStone_04_D.uasset (454) -> ../../../../../../Users/travl_000/Documents/GitHub/DarkCombatEval/Content/StarterContent/Textures/T_CobbleStone_04_D.uasset
[2015.04.11-23.33.57:574][  0]LogPackFactory: Content/StarterContent/Textures/T_CobbleStone_04_N.uasset (454) -> ../../../../../../Users/travl_000/Documents/GitHub/DarkCombatEval/Content/StarterContent/Textures/T_CobbleStone_04_N.uasset
[2015.04.11-23.33.57:576][  0]LogPackFactory: Content/StarterContent/Textures/T_CobbleStone_04_R.uasset (454) -> ../../../../../../Users/travl_000/Documents/GitHub/DarkCombatEval/Content/StarterContent/Textures/T_CobbleStone_04_R.uasset
[2015.04.11-23.33.57:576][  0]LogPackFactory: Content/StarterContent/Textures/T_CobbleStone_04b_D.uasset (455) -> ../../../../../../Users/travl_000/Documents/GitHub/DarkCombatEval/Content/StarterContent/Textures/T_CobbleStone_04b_D.uasset
[2015.04.11-23.33.57:577][  0]LogPackFactory: Content/StarterContent/Textures/T_CobbleStone_Pebble_D.uasset (11812314) -> ../../../../../../Users/travl_000/Documents/GitHub/DarkCombatEval/Content/StarterContent/Textures/T_CobbleStone_Pebble_D.uasset
[2015.04.11-23.33.57:583][  0]LogPackFactory: Content/StarterContent/Textures/T_CobbleStone_Pebble_M.uasset (1313598) -> ../../../../../../Users/travl_000/Documents/GitHub/DarkCombatEval/Content/StarterContent/Textures/T_CobbleStone_Pebble_M.uasset
[2015.04.11-23.33.57:585][  0]LogPackFactory: Content/StarterContent/Textures/T_CobbleStone_Pebble_N.uasset (11858728) -> ../../../../../../Users/travl_000/Documents/GitHub/DarkCombatEval/Content/StarterContent/Textures/T_CobbleStone_Pebble_N.uasset
[2015.04.11-23.33.57:594][  0]LogPackFactory: Content/StarterContent/Textures/T_CobbleStone_Rough_D.uasset (2936250) -> ../../../../../../Users/travl_000/Documents/GitHub/DarkCombatEval/Content/StarterContent/Textures/T_CobbleStone_Rough_D.uasset
[2015.04.11-23.33.57:597][  0]LogPackFactory: Content/StarterContent/Textures/T_CobbleStone_Rough_N.uasset (2700400) -> ../../../../../../Users/travl_000/Documents/GitHub/DarkCombatEval/Content/StarterContent/Textures/T_CobbleStone_Rough_N.uasset
[2015.04.11-23.33.57:599][  0]LogPackFactory: Content/StarterContent/Textures/T_CobbleStone_Smooth_D.uasset (6603341) -> ../../../../../../Users/travl_000/Documents/GitHub/DarkCombatEval/Content/StarterContent/Textures/T_CobbleStone_Smooth_D.uasset
[2015.04.11-23.33.57:604][  0]LogPackFactory: Content/StarterContent/Textures/T_CobbleStone_Smooth_M.uasset (5739577) -> ../../../../../../Users/travl_000/Documents/GitHub/DarkCombatEval/Content/StarterContent/Textures/T_CobbleStone_Smooth_M.uasset
[2015.04.11-23.33.57:608][  0]LogPackFactory: Content/StarterContent/Textures/T_CobbleStone_Smooth_N.uasset (8846507) -> ../../../../../../Users/travl_000/Documents/GitHub/DarkCombatEval/Content/StarterContent/Textures/T_CobbleStone_Smooth_N.uasset
[2015.04.11-23.33.57:614][  0]LogPackFactory: Content/StarterContent/Textures/T_Concrete01_D.uasset (450) -> ../../../../../../Users/travl_000/Documents/GitHub/DarkCombatEval/Content/StarterContent/Textures/T_Concrete01_D.uasset
[2015.04.11-23.33.57:616][  0]LogPackFactory: Content/StarterContent/Textures/T_Concrete01_N.uasset (450) -> ../../../../../../Users/travl_000/Documents/GitHub/DarkCombatEval/Content/StarterContent/Textures/T_Concrete01_N.uasset
[2015.04.11-23.33.57:617][  0]LogPackFactory: Content/StarterContent/Textures/T_Concrete_01_D.uasset (451) -> ../../../../../../Users/travl_000/Documents/GitHub/DarkCombatEval/Content/StarterContent/Textures/T_Concrete_01_D.uasset
[2015.04.11-23.33.57:617][  0]LogPackFactory: Content/StarterContent/Textures/T_Concrete_01_N.uasset (451) -> ../../../../../../Users/travl_000/Documents/GitHub/DarkCombatEval/Content/StarterContent/Textures/T_Concrete_01_N.uasset
[2015.04.11-23.33.57:618][  0]LogPackFactory: Content/StarterContent/Textures/T_Concrete_D.uasset (448) -> ../../../../../../Users/travl_000/Documents/GitHub/DarkCombatEval/Content/StarterContent/Textures/T_Concrete_D.uasset
[2015.04.11-23.33.57:618][  0]LogPackFactory: Content/StarterContent/Textures/T_Concrete_Floor01.uasset (454) -> ../../../../../../Users/travl_000/Documents/GitHub/DarkCombatEval/Content/StarterContent/Textures/T_Concrete_Floor01.uasset
[2015.04.11-23.33.57:619][  0]LogPackFactory: Content/StarterContent/Textures/T_Concrete_Floor01_N.uasset (456) -> ../../../../../../Users/travl_000/Documents/GitHub/DarkCombatEval/Content/StarterContent/Textures/T_Concrete_Floor01_N.uasset
[2015.04.11-23.33.57:621][  0]LogPackFactory: Content/StarterContent/Textures/T_Concrete_Grime_D.uasset (10691506) -> ../../../../../../Users/travl_000/Documents/GitHub/DarkCombatEval/Content/StarterContent/Textures/T_Concrete_Grime_D.uasset
[2015.04.11-23.33.57:628][  0]LogPackFactory: Content/StarterContent/Textures/T_Concrete_N.uasset (448) -> ../../../../../../Users/travl_000/Documents/GitHub/DarkCombatEval/Content/StarterContent/Textures/T_Concrete_N.uasset
[2015.04.11-23.33.57:629][  0]LogPackFactory: Content/StarterContent/Textures/T_Concrete_Panels_D.uasset (8513286) -> ../../../../../../Users/travl_000/Documents/GitHub/DarkCombatEval/Content/StarterContent/Textures/T_Concrete_Panels_D.uasset
[2015.04.11-23.33.57:634][  0]LogPackFactory: Content/StarterContent/Textures/T_Concrete_Panels_N.uasset (6558914) -> ../../../../../../Users/travl_000/Documents/GitHub/DarkCombatEval/Content/StarterContent/Textures/T_Concrete_Panels_N.uasset
[2015.04.11-23.33.57:638][  0]LogPackFactory: Content/StarterContent/Textures/T_Concrete_Poured_D.uasset (11600993) -> ../../../../../../Users/travl_000/Documents/GitHub/DarkCombatEval/Content/StarterContent/Textures/T_Concrete_Poured_D.uasset
[2015.04.11-23.33.57:645][  0]LogPackFactory: Content/StarterContent/Textures/T_Concrete_Poured_N.uasset (7452814) -> ../../../../../../Users/travl_000/Documents/GitHub/DarkCombatEval/Content/StarterContent/Textures/T_Concrete_Poured_N.uasset
[2015.04.11-23.33.57:649][  0]LogPackFactory: Content/StarterContent/Textures/T_Concrete_Tiles_D.uasset (4956380) -> ../../../../../../Users/travl_000/Documents/GitHub/DarkCombatEval/Content/StarterContent/Textures/T_Concrete_Tiles_D.uasset
[2015.04.11-23.33.57:653][  0]LogPackFactory: Content/StarterContent/Textures/T_Concrete_Tiles_M.uasset (5759659) -> ../../../../../../Users/travl_000/Documents/GitHub/DarkCombatEval/Content/StarterContent/Textures/T_Concrete_Tiles_M.uasset
[2015.04.11-23.33.57:657][  0]LogPackFactory: Content/StarterContent/Textures/T_Concrete_Tiles_N.uasset (6611650) -> ../../../../../../Users/travl_000/Documents/GitHub/DarkCombatEval/Content/StarterContent/Textures/T_Concrete_Tiles_N.uasset
[2015.04.11-23.33.57:661][  0]LogPackFactory: Content/StarterContent/Textures/T_Concrete_Tiles_Variation_M.uasset (4809) -> ../../../../../../Users/travl_000/Documents/GitHub/DarkCombatEval/Content/StarterContent/Textures/T_Concrete_Tiles_Variation_M.uasset
[2015.04.11-23.33.57:662][  0]LogPackFactory: Content/StarterContent/Textures/T_Concrete_Wall07.uasset (453) -> ../../../../../../Users/travl_000/Documents/GitHub/DarkCombatEval/Content/StarterContent/Textures/T_Concrete_Wall07.uasset
[2015.04.11-23.33.57:662][  0]LogPackFactory: Content/StarterContent/Textures/T_Concrete_Wall07_N.uasset (455) -> ../../../../../../Users/travl_000/Documents/GitHub/DarkCombatEval/Content/StarterContent/Textures/T_Concrete_Wall07_N.uasset
[2015.04.11-23.33.57:663][  0]LogPackFactory: Content/StarterContent/Textures/T_Concrete_Wall_D.uasset (453) -> ../../../../../../Users/travl_000/Documents/GitHub/DarkCombatEval/Content/StarterContent/Textures/T_Concrete_Wall_D.uasset
[2015.04.11-23.33.57:664][  0]LogPackFactory: Content/StarterContent/Textures/T_Concrete_Wall_N.uasset (453) -> ../../../../../../Users/travl_000/Documents/GitHub/DarkCombatEval/Content/StarterContent/Textures/T_Concrete_Wall_N.uasset
[2015.04.11-23.33.57:665][  0]LogPackFactory: Content/StarterContent/Textures/T_DesertCrystal01_N.uasset (455) -> ../../../../../../Users/travl_000/Documents/GitHub/DarkCombatEval/Content/StarterContent/Textures/T_DesertCrystal01_N.uasset
[2015.04.11-23.33.57:665][  0]LogPackFactory: Content/StarterContent/Textures/T_Detail_Rocky_N.uasset (2850093) -> ../../../../../../Users/travl_000/Documents/GitHub/DarkCombatEval/Content/StarterContent/Textures/T_Detail_Rocky_N.uasset
[2015.04.11-23.33.57:667][  0]LogPackFactory: Content/StarterContent/Textures/T_Dirt_D.uasset (444) -> ../../../../../../Users/travl_000/Documents/GitHub/DarkCombatEval/Content/StarterContent/Textures/T_Dirt_D.uasset
[2015.04.11-23.33.57:668][  0]LogPackFactory: Content/StarterContent/Textures/T_Dirt_N.uasset (444) -> ../../../../../../Users/travl_000/Documents/GitHub/DarkCombatEval/Content/StarterContent/Textures/T_Dirt_N.uasset
[2015.04.11-23.33.57:669][  0]LogPackFactory: Content/StarterContent/Textures/T_Door_M.uasset (554190) -> ../../../../../../Users/travl_000/Documents/GitHub/DarkCombatEval/Content/StarterContent/Textures/T_Door_M.uasset
[2015.04.11-23.33.57:670][  0]LogPackFactory: Content/StarterContent/Textures/T_Door_N.uasset (1074859) -> ../../../../../../Users/travl_000/Documents/GitHub/DarkCombatEval/Content/StarterContent/Textures/T_Door_N.uasset
[2015.04.11-23.33.57:671][  0]LogPackFactory: Content/StarterContent/Textures/T_Dust_Particle_D.uasset (32071) -> ../../../../../../Users/travl_000/Documents/GitHub/DarkCombatEval/Content/StarterContent/Textures/T_Dust_Particle_D.uasset
[2015.04.11-23.33.57:672][  0]LogPackFactory: Content/StarterContent/Textures/T_Explosion_SubUV.uasset (3004336) -> ../../../../../../Users/travl_000/Documents/GitHub/DarkCombatEval/Content/StarterContent/Textures/T_Explosion_SubUV.uasset
[2015.04.11-23.33.57:674][  0]LogPackFactory: Content/StarterContent/Textures/T_Fire_SubUV.uasset (525012) -> ../../../../../../Users/travl_000/Documents/GitHub/DarkCombatEval/Content/StarterContent/Textures/T_Fire_SubUV.uasset
[2015.04.11-23.33.57:675][  0]LogPackFactory: Content/StarterContent/Textures/T_Fire_Tiled_D.uasset (553370) -> ../../../../../../Users/travl_000/Documents/GitHub/DarkCombatEval/Content/StarterContent/Textures/T_Fire_Tiled_D.uasset
[2015.04.11-23.33.57:676][  0]LogPackFactory: Content/StarterContent/Textures/T_Frame_M.uasset (536068) -> ../../../../../../Users/travl_000/Documents/GitHub/DarkCombatEval/Content/StarterContent/Textures/T_Frame_M.uasset
[2015.04.11-23.33.57:677][  0]LogPackFactory: Content/StarterContent/Textures/T_Frame_N.uasset (1249187) -> ../../../../../../Users/travl_000/Documents/GitHub/DarkCombatEval/Content/StarterContent/Textures/T_Frame_N.uasset
[2015.04.11-23.33.57:679][  0]LogPackFactory: Content/StarterContent/Textures/T_Generic_Concrete_Base02.uasset (461) -> ../../../../../../Users/travl_000/Documents/GitHub/DarkCombatEval/Content/StarterContent/Textures/T_Generic_Concrete_Base02.uasset
[2015.04.11-23.33.57:679][  0]LogPackFactory: Content/StarterContent/Textures/T_Generic_Concrete_Base02_N.uasset (463) -> ../../../../../../Users/travl_000/Documents/GitHub/DarkCombatEval/Content/StarterContent/Textures/T_Generic_Concrete_Base02_N.uasset
[2015.04.11-23.33.57:680][  0]LogPackFactory: Content/StarterContent/Textures/T_Generic_Concrete_Base04_D.uasset (463) -> ../../../../../../Users/travl_000/Documents/GitHub/DarkCombatEval/Content/StarterContent/Textures/T_Generic_Concrete_Base04_D.uasset
[2015.04.11-23.33.57:681][  0]LogPackFactory: Content/StarterContent/Textures/T_Generic_Concrete_Base04_N.uasset (463) -> ../../../../../../Users/travl_000/Documents/GitHub/DarkCombatEval/Content/StarterContent/Textures/T_Generic_Concrete_Base04_N.uasset
[2015.04.11-23.33.57:682][  0]LogPackFactory: Content/StarterContent/Textures/T_Generic_Concrete_Base_06.uasset (462) -> ../../../../../../Users/travl_000/Documents/GitHub/DarkCombatEval/Content/StarterContent/Textures/T_Generic_Concrete_Base_06.uasset
[2015.04.11-23.33.57:682][  0]LogPackFactory: Content/StarterContent/Textures/T_Generic_Concrete_Base_06_N.uasset (464) -> ../../../../../../Users/travl_000/Documents/GitHub/DarkCombatEval/Content/StarterContent/Textures/T_Generic_Concrete_Base_06_N.uasset
[2015.04.11-23.33.57:683][  0]LogPackFactory: Content/StarterContent/Textures/T_Generic_Concrete_Base_07.uasset (462) -> ../../../../../../Users/travl_000/Documents/GitHub/DarkCombatEval/Content/StarterContent/Textures/T_Generic_Concrete_Base_07.uasset
[2015.04.11-23.33.57:684][  0]LogPackFactory: Content/StarterContent/Textures/T_Generic_Concrete_Base_07_N.uasset (464) -> ../../../../../../Users/travl_000/Documents/GitHub/DarkCombatEval/Content/StarterContent/Textures/T_Generic_Concrete_Base_07_N.uasset
[2015.04.11-23.33.57:685][  0]LogPackFactory: Content/StarterContent/Textures/T_Gradinet_01.uasset (5447) -> ../../../../../../Users/travl_000/Documents/GitHub/DarkCombatEval/Content/StarterContent/Textures/T_Gradinet_01.uasset
[2015.04.11-23.33.57:685][  0]LogPackFactory: Content/StarterContent/Textures/T_Gravel_D.uasset (425) -> ../../../../../../Users/travl_000/Documents/GitHub/DarkCombatEval/Content/StarterContent/Textures/T_Gravel_D.uasset
[2015.04.11-23.33.57:686][  0]LogPackFactory: Content/StarterContent/Textures/T_Gravel_N.uasset (425) -> ../../../../../../Users/travl_000/Documents/GitHub/DarkCombatEval/Content/StarterContent/Textures/T_Gravel_N.uasset
[2015.04.11-23.33.57:687][  0]LogPackFactory: Content/StarterContent/Textures/T_Ground_01_D.uasset (449) -> ../../../../../../Users/travl_000/Documents/GitHub/DarkCombatEval/Content/StarterContent/Textures/T_Ground_01_D.uasset
[2015.04.11-23.33.57:687][  0]LogPackFactory: Content/StarterContent/Textures/T_Ground_01_N.uasset (449) -> ../../../../../../Users/travl_000/Documents/GitHub/DarkCombatEval/Content/StarterContent/Textures/T_Ground_01_N.uasset
[2015.04.11-23.33.57:688][  0]LogPackFactory: Content/StarterContent/Textures/T_Ground_02_D.uasset (449) -> ../../../../../../Users/travl_000/Documents/GitHub/DarkCombatEval/Content/StarterContent/Textures/T_Ground_02_D.uasset
[2015.04.11-23.33.57:689][  0]LogPackFactory: Content/StarterContent/Textures/T_Ground_02_N.uasset (449) -> ../../../../../../Users/travl_000/Documents/GitHub/DarkCombatEval/Content/StarterContent/Textures/T_Ground_02_N.uasset
[2015.04.11-23.33.57:689][  0]LogPackFactory: Content/StarterContent/Textures/T_Ground_Detail_N.uasset (453) -> ../../../../../../Users/travl_000/Documents/GitHub/DarkCombatEval/Content/StarterContent/Textures/T_Ground_Detail_N.uasset
[2015.04.11-23.33.57:690][  0]LogPackFactory: Content/StarterContent/Textures/T_Ground_Dirt_D.uasset (451) -> ../../../../../../Users/travl_000/Documents/GitHub/DarkCombatEval/Content/StarterContent/Textures/T_Ground_Dirt_D.uasset
[2015.04.11-23.33.57:691][  0]LogPackFactory: Content/StarterContent/Textures/T_Ground_Dirt_N.uasset (451) -> ../../../../../../Users/travl_000/Documents/GitHub/DarkCombatEval/Content/StarterContent/Textures/T_Ground_Dirt_N.uasset
[2015.04.11-23.33.57:691][  0]LogPackFactory: Content/StarterContent/Textures/T_Ground_Grass_D.uasset (12014827) -> ../../../../../../Users/travl_000/Documents/GitHub/DarkCombatEval/Content/StarterContent/Textures/T_Ground_Grass_D.uasset
[2015.04.11-23.33.57:700][  0]LogPackFactory: Content/StarterContent/Textures/T_Ground_Grass_N.uasset (11617917) -> ../../../../../../Users/travl_000/Documents/GitHub/DarkCombatEval/Content/StarterContent/Textures/T_Ground_Grass_N.uasset
[2015.04.11-23.33.57:707][  0]LogPackFactory: Content/StarterContent/Textures/T_Ground_Gravel_D.uasset (10627659) -> ../../../../../../Users/travl_000/Documents/GitHub/DarkCombatEval/Content/StarterContent/Textures/T_Ground_Gravel_D.uasset
[2015.04.11-23.33.57:715][  0]LogPackFactory: Content/StarterContent/Textures/T_Ground_Gravel_N.uasset (7408581) -> ../../../../../../Users/travl_000/Documents/GitHub/DarkCombatEval/Content/StarterContent/Textures/T_Ground_Gravel_N.uasset
[2015.04.11-23.33.57:719][  0]LogPackFactory: Content/StarterContent/Textures/T_ground_Moss_D.uasset (13034653) -> ../../../../../../Users/travl_000/Documents/GitHub/DarkCombatEval/Content/StarterContent/Textures/T_ground_Moss_D.uasset
[2015.04.11-23.33.57:727][  0]LogPackFactory: Content/StarterContent/Textures/T_Ground_Moss_N.uasset (8389816) -> ../../../../../../Users/travl_000/Documents/GitHub/DarkCombatEval/Content/StarterContent/Textures/T_Ground_Moss_N.uasset
[2015.04.11-23.33.57:732][  0]LogPackFactory: Content/StarterContent/Textures/T_Ground_Noise_N.uasset (431) -> ../../../../../../Users/travl_000/Documents/GitHub/DarkCombatEval/Content/StarterContent/Textures/T_Ground_Noise_N.uasset
[2015.04.11-23.33.57:733][  0]LogPackFactory: Content/StarterContent/Textures/T_Lamp_M.uasset (781809) -> ../../../../../../Users/travl_000/Documents/GitHub/DarkCombatEval/Content/StarterContent/Textures/T_Lamp_M.uasset
[2015.04.11-23.33.57:734][  0]LogPackFactory: Content/StarterContent/Textures/T_Lamp_N.uasset (2076923) -> ../../../../../../Users/travl_000/Documents/GitHub/DarkCombatEval/Content/StarterContent/Textures/T_Lamp_N.uasset
[2015.04.11-23.33.57:736][  0]LogPackFactory: Content/StarterContent/Textures/T_MacroVariation.uasset (10882792) -> ../../../../../../Users/travl_000/Documents/GitHub/DarkCombatEval/Content/StarterContent/Textures/T_MacroVariation.uasset
[2015.04.11-23.33.57:743][  0]LogPackFactory: Content/StarterContent/Textures/T_Metal_Aluminum_D.uasset (9680629) -> ../../../../../../Users/travl_000/Documents/GitHub/DarkCombatEval/Content/StarterContent/Textures/T_Metal_Aluminum_D.uasset
[2015.04.11-23.33.57:750][  0]LogPackFactory: Content/StarterContent/Textures/T_Metal_Copper_D.uasset (8854788) -> ../../../../../../Users/travl_000/Documents/GitHub/DarkCombatEval/Content/StarterContent/Textures/T_Metal_Copper_D.uasset
[2015.04.11-23.33.57:756][  0]LogPackFactory: Content/StarterContent/Textures/T_Metal_Dark_Gun_metal_E.uasset (460) -> ../../../../../../Users/travl_000/Documents/GitHub/DarkCombatEval/Content/StarterContent/Textures/T_Metal_Dark_Gun_metal_E.uasset
[2015.04.11-23.33.57:757][  0]LogPackFactory: Content/StarterContent/Textures/T_Metal_Dark_Gun_metal_N.uasset (460) -> ../../../../../../Users/travl_000/Documents/GitHub/DarkCombatEval/Content/StarterContent/Textures/T_Metal_Dark_Gun_metal_N.uasset
[2015.04.11-23.33.57:758][  0]LogPackFactory: Content/StarterContent/Textures/T_Metal_Gold_D.uasset (8838906) -> ../../../../../../Users/travl_000/Documents/GitHub/DarkCombatEval/Content/StarterContent/Textures/T_Metal_Gold_D.uasset
[2015.04.11-23.33.57:764][  0]LogPackFactory: Content/StarterContent/Textures/T_Metal_Gold_N.uasset (2813572) -> ../../../../../../Users/travl_000/Documents/GitHub/DarkCombatEval/Content/StarterContent/Textures/T_Metal_Gold_N.uasset
[2015.04.11-23.33.57:766][  0]LogPackFactory: Content/StarterContent/Textures/T_Metal_Metal01_D.uasset (453) -> ../../../../../../Users/travl_000/Documents/GitHub/DarkCombatEval/Content/StarterContent/Textures/T_Metal_Metal01_D.uasset
[2015.04.11-23.33.57:767][  0]LogPackFactory: Content/StarterContent/Textures/T_Metal_Metal01_N.uasset (453) -> ../../../../../../Users/travl_000/Documents/GitHub/DarkCombatEval/Content/StarterContent/Textures/T_Metal_Metal01_N.uasset
[2015.04.11-23.33.57:768][  0]LogPackFactory: Content/StarterContent/Textures/T_Metal_Metal03_D.uasset (453) -> ../../../../../../Users/travl_000/Documents/GitHub/DarkCombatEval/Content/StarterContent/Textures/T_Metal_Metal03_D.uasset
[2015.04.11-23.33.57:769][  0]LogPackFactory: Content/StarterContent/Textures/T_Metal_Metal03_N.uasset (453) -> ../../../../../../Users/travl_000/Documents/GitHub/DarkCombatEval/Content/StarterContent/Textures/T_Metal_Metal03_N.uasset
[2015.04.11-23.33.57:769][  0]LogPackFactory: Content/StarterContent/Textures/T_Metal_Painted_04_D.uasset (456) -> ../../../../../../Users/travl_000/Documents/GitHub/DarkCombatEval/Content/StarterContent/Textures/T_Metal_Painted_04_D.uasset
[2015.04.11-23.33.57:770][  0]LogPackFactory: Content/StarterContent/Textures/T_Metal_Painted_04_N.uasset (456) -> ../../../../../../Users/travl_000/Documents/GitHub/DarkCombatEval/Content/StarterContent/Textures/T_Metal_Painted_04_N.uasset
[2015.04.11-23.33.57:771][  0]LogPackFactory: Content/StarterContent/Textures/T_Metal_Rust_01_D.uasset (453) -> ../../../../../../Users/travl_000/Documents/GitHub/DarkCombatEval/Content/StarterContent/Textures/T_Metal_Rust_01_D.uasset
[2015.04.11-23.33.57:772][  0]LogPackFactory: Content/StarterContent/Textures/T_Metal_Rust_01_N.uasset (453) -> ../../../../../../Users/travl_000/Documents/GitHub/DarkCombatEval/Content/StarterContent/Textures/T_Metal_Rust_01_N.uasset
[2015.04.11-23.33.57:773][  0]LogPackFactory: Content/StarterContent/Textures/T_Metal_Rust_D.uasset (9329320) -> ../../../../../../Users/travl_000/Documents/GitHub/DarkCombatEval/Content/StarterContent/Textures/T_Metal_Rust_D.uasset
[2015.04.11-23.33.57:779][  0]LogPackFactory: Content/StarterContent/Textures/T_Metal_Rust_N.uasset (7504761) -> ../../../../../../Users/travl_000/Documents/GitHub/DarkCombatEval/Content/StarterContent/Textures/T_Metal_Rust_N.uasset
[2015.04.11-23.33.57:784][  0]LogPackFactory: Content/StarterContent/Textures/T_Metal_Scuffed_D.uasset (453) -> ../../../../../../Users/travl_000/Documents/GitHub/DarkCombatEval/Content/StarterContent/Textures/T_Metal_Scuffed_D.uasset
[2015.04.11-23.33.57:785][  0]LogPackFactory: Content/StarterContent/Textures/T_Metal_Scuffed_N.uasset (453) -> ../../../../../../Users/travl_000/Documents/GitHub/DarkCombatEval/Content/StarterContent/Textures/T_Metal_Scuffed_N.uasset
[2015.04.11-23.33.57:785][  0]LogPackFactory: Content/StarterContent/Textures/T_Metal_Steel_D.uasset (3581726) -> ../../../../../../Users/travl_000/Documents/GitHub/DarkCombatEval/Content/StarterContent/Textures/T_Metal_Steel_D.uasset
[2015.04.11-23.33.57:788][  0]LogPackFactory: Content/StarterContent/Textures/T_Metal_Steel_N.uasset (4922590) -> ../../../../../../Users/travl_000/Documents/GitHub/DarkCombatEval/Content/StarterContent/Textures/T_Metal_Steel_N.uasset
[2015.04.11-23.33.57:792][  0]LogPackFactory: Content/StarterContent/Textures/T_Paint_Metal_Rust_D.uasset (456) -> ../../../../../../Users/travl_000/Documents/GitHub/DarkCombatEval/Content/StarterContent/Textures/T_Paint_Metal_Rust_D.uasset
[2015.04.11-23.33.57:793][  0]LogPackFactory: Content/StarterContent/Textures/T_Paint_Metal_Rust_N.uasset (456) -> ../../../../../../Users/travl_000/Documents/GitHub/DarkCombatEval/Content/StarterContent/Textures/T_Paint_Metal_Rust_N.uasset
[2015.04.11-23.33.57:794][  0]LogPackFactory: Content/StarterContent/Textures/T_PaintedMetal01.uasset (452) -> ../../../../../../Users/travl_000/Documents/GitHub/DarkCombatEval/Content/StarterContent/Textures/T_PaintedMetal01.uasset
[2015.04.11-23.33.57:794][  0]LogPackFactory: Content/StarterContent/Textures/T_PaintedMetal01_N.uasset (454) -> ../../../../../../Users/travl_000/Documents/GitHub/DarkCombatEval/Content/StarterContent/Textures/T_PaintedMetal01_N.uasset
[2015.04.11-23.33.57:795][  0]LogPackFactory: Content/StarterContent/Textures/T_PatchyGrass_D.uasset (451) -> ../../../../../../Users/travl_000/Documents/GitHub/DarkCombatEval/Content/StarterContent/Textures/T_PatchyGrass_D.uasset
[2015.04.11-23.33.57:796][  0]LogPackFactory: Content/StarterContent/Textures/T_PatchyGrass_N.uasset (451) -> ../../../../../../Users/travl_000/Documents/GitHub/DarkCombatEval/Content/StarterContent/Textures/T_PatchyGrass_N.uasset
[2015.04.11-23.33.57:796][  0]LogPackFactory: Content/StarterContent/Textures/T_Perlin_Noise_M.uasset (7869402) -> ../../../../../../Users/travl_000/Documents/GitHub/DarkCombatEval/Content/StarterContent/Textures/T_Perlin_Noise_M.uasset
[2015.04.11-23.33.57:802][  0]LogPackFactory: Content/StarterContent/Textures/T_Rock_01_D.uasset (447) -> ../../../../../../Users/travl_000/Documents/GitHub/DarkCombatEval/Content/StarterContent/Textures/T_Rock_01_D.uasset
[2015.04.11-23.33.57:803][  0]LogPackFactory: Content/StarterContent/Textures/T_Rock_01_N.uasset (447) -> ../../../../../../Users/travl_000/Documents/GitHub/DarkCombatEval/Content/StarterContent/Textures/T_Rock_01_N.uasset
[2015.04.11-23.33.57:804][  0]LogPackFactory: Content/StarterContent/Textures/T_Rock_03_D.uasset (447) -> ../../../../../../Users/travl_000/Documents/GitHub/DarkCombatEval/Content/StarterContent/Textures/T_Rock_03_D.uasset
[2015.04.11-23.33.57:805][  0]LogPackFactory: Content/StarterContent/Textures/T_Rock_03_N.uasset (447) -> ../../../../../../Users/travl_000/Documents/GitHub/DarkCombatEval/Content/StarterContent/Textures/T_Rock_03_N.uasset
[2015.04.11-23.33.57:806][  0]LogPackFactory: Content/StarterContent/Textures/T_Rock_05_D.uasset (447) -> ../../../../../../Users/travl_000/Documents/GitHub/DarkCombatEval/Content/StarterContent/Textures/T_Rock_05_D.uasset
[2015.04.11-23.33.57:807][  0]LogPackFactory: Content/StarterContent/Textures/T_Rock_05_N.uasset (447) -> ../../../../../../Users/travl_000/Documents/GitHub/DarkCombatEval/Content/StarterContent/Textures/T_Rock_05_N.uasset
[2015.04.11-23.33.57:808][  0]LogPackFactory: Content/StarterContent/Textures/T_Rock_06_D.uasset (447) -> ../../../../../../Users/travl_000/Documents/GitHub/DarkCombatEval/Content/StarterContent/Textures/T_Rock_06_D.uasset
[2015.04.11-23.33.57:809][  0]LogPackFactory: Content/StarterContent/Textures/T_Rock_06_N.uasset (447) -> ../../../../../../Users/travl_000/Documents/GitHub/DarkCombatEval/Content/StarterContent/Textures/T_Rock_06_N.uasset
[2015.04.11-23.33.57:809][  0]LogPackFactory: Content/StarterContent/Textures/T_Rock_07_D.uasset (447) -> ../../../../../../Users/travl_000/Documents/GitHub/DarkCombatEval/Content/StarterContent/Textures/T_Rock_07_D.uasset
[2015.04.11-23.33.57:810][  0]LogPackFactory: Content/StarterContent/Textures/T_Rock_07_N.uasset (447) -> ../../../../../../Users/travl_000/Documents/GitHub/DarkCombatEval/Content/StarterContent/Textures/T_Rock_07_N.uasset
[2015.04.11-23.33.57:811][  0]LogPackFactory: Content/StarterContent/Textures/T_Rock_07b_D.uasset (448) -> ../../../../../../Users/travl_000/Documents/GitHub/DarkCombatEval/Content/StarterContent/Textures/T_Rock_07b_D.uasset
[2015.04.11-23.33.57:812][  0]LogPackFactory: Content/StarterContent/Textures/T_Rock_08_D.uasset (447) -> ../../../../../../Users/travl_000/Documents/GitHub/DarkCombatEval/Content/StarterContent/Textures/T_Rock_08_D.uasset
[2015.04.11-23.33.57:813][  0]LogPackFactory: Content/StarterContent/Textures/T_Rock_08_N.uasset (447) -> ../../../../../../Users/travl_000/Documents/GitHub/DarkCombatEval/Content/StarterContent/Textures/T_Rock_08_N.uasset
[2015.04.11-23.33.57:814][  0]LogPackFactory: Content/StarterContent/Textures/T_Rock_09_D.uasset (447) -> ../../../../../../Users/travl_000/Documents/GitHub/DarkCombatEval/Content/StarterContent/Textures/T_Rock_09_D.uasset
[2015.04.11-23.33.57:815][  0]LogPackFactory: Content/StarterContent/Textures/T_Rock_10_D.uasset (447) -> ../../../../../../Users/travl_000/Documents/GitHub/DarkCombatEval/Content/StarterContent/Textures/T_Rock_10_D.uasset
[2015.04.11-23.33.57:815][  0]LogPackFactory: Content/StarterContent/Textures/T_Rock_10_N.uasset (447) -> ../../../../../../Users/travl_000/Documents/GitHub/DarkCombatEval/Content/StarterContent/Textures/T_Rock_10_N.uasset
[2015.04.11-23.33.57:816][  0]LogPackFactory: Content/StarterContent/Textures/T_Rock_11b_D.uasset (448) -> ../../../../../../Users/travl_000/Documents/GitHub/DarkCombatEval/Content/StarterContent/Textures/T_Rock_11b_D.uasset
[2015.04.11-23.33.57:817][  0]LogPackFactory: Content/StarterContent/Textures/T_Rock_Basalt_D.uasset (9359943) -> ../../../../../../Users/travl_000/Documents/GitHub/DarkCombatEval/Content/StarterContent/Textures/T_Rock_Basalt_D.uasset
[2015.04.11-23.33.57:823][  0]LogPackFactory: Content/StarterContent/Textures/T_Rock_Basalt_N.uasset (7847129) -> ../../../../../../Users/travl_000/Documents/GitHub/DarkCombatEval/Content/StarterContent/Textures/T_Rock_Basalt_N.uasset
[2015.04.11-23.33.57:828][  0]LogPackFactory: Content/StarterContent/Textures/T_Rock_Detail_02_D.uasset (454) -> ../../../../../../Users/travl_000/Documents/GitHub/DarkCombatEval/Content/StarterContent/Textures/T_Rock_Detail_02_D.uasset
[2015.04.11-23.33.57:829][  0]LogPackFactory: Content/StarterContent/Textures/T_Rock_Detail_02_N.uasset (454) -> ../../../../../../Users/travl_000/Documents/GitHub/DarkCombatEval/Content/StarterContent/Textures/T_Rock_Detail_02_N.uasset
[2015.04.11-23.33.57:830][  0]LogPackFactory: Content/StarterContent/Textures/T_Rock_Detail_03_D.uasset (454) -> ../../../../../../Users/travl_000/Documents/GitHub/DarkCombatEval/Content/StarterContent/Textures/T_Rock_Detail_03_D.uasset
[2015.04.11-23.33.57:831][  0]LogPackFactory: Content/StarterContent/Textures/T_Rock_Marble_Polished_D.uasset (5327483) -> ../../../../../../Users/travl_000/Documents/GitHub/DarkCombatEval/Content/StarterContent/Textures/T_Rock_Marble_Polished_D.uasset
[2015.04.11-23.33.57:836][  0]LogPackFactory: Content/StarterContent/Textures/T_Rock_Sandstone_D.uasset (9234423) -> ../../../../../../Users/travl_000/Documents/GitHub/DarkCombatEval/Content/StarterContent/Textures/T_Rock_Sandstone_D.uasset
[2015.04.11-23.33.57:843][  0]LogPackFactory: Content/StarterContent/Textures/T_Rock_Sandstone_N.uasset (8399811) -> ../../../../../../Users/travl_000/Documents/GitHub/DarkCombatEval/Content/StarterContent/Textures/T_Rock_Sandstone_N.uasset
[2015.04.11-23.33.57:850][  0]LogPackFactory: Content/StarterContent/Textures/T_Rock_Slate_D.uasset (12333988) -> ../../../../../../Users/travl_000/Documents/GitHub/DarkCombatEval/Content/StarterContent/Textures/T_Rock_Slate_D.uasset
[2015.04.11-23.33.57:859][  0]LogPackFactory: Content/StarterContent/Textures/T_Rock_Slate_N.uasset (9649859) -> ../../../../../../Users/travl_000/Documents/GitHub/DarkCombatEval/Content/StarterContent/Textures/T_Rock_Slate_N.uasset
[2015.04.11-23.33.57:884][  0]LogPackFactory: Content/StarterContent/Textures/T_Rock_Smooth_Granite_D.uasset (8829490) -> ../../../../../../Users/travl_000/Documents/GitHub/DarkCombatEval/Content/StarterContent/Textures/T_Rock_Smooth_Granite_D.uasset
[2015.04.11-23.33.57:906][  0]LogPackFactory: Content/StarterContent/Textures/T_RockMesh_M.uasset (2706973) -> ../../../../../../Users/travl_000/Documents/GitHub/DarkCombatEval/Content/StarterContent/Textures/T_RockMesh_M.uasset
[2015.04.11-23.33.57:914][  0]LogPackFactory: Content/StarterContent/Textures/T_RockMesh_N.uasset (5375053) -> ../../../../../../Users/travl_000/Documents/GitHub/DarkCombatEval/Content/StarterContent/Textures/T_RockMesh_N.uasset
[2015.04.11-23.33.57:921][  0]LogPackFactory: Content/StarterContent/Textures/T_Rocky_01_N.uasset (448) -> ../../../../../../Users/travl_000/Documents/GitHub/DarkCombatEval/Content/StarterContent/Textures/T_Rocky_01_N.uasset
[2015.04.11-23.33.57:922][  0]LogPackFactory: Content/StarterContent/Textures/T_Shelf_M.uasset (651298) -> ../../../../../../Users/travl_000/Documents/GitHub/DarkCombatEval/Content/StarterContent/Textures/T_Shelf_M.uasset
[2015.04.11-23.33.57:923][  0]LogPackFactory: Content/StarterContent/Textures/T_Shelf_N.uasset (1639501) -> ../../../../../../Users/travl_000/Documents/GitHub/DarkCombatEval/Content/StarterContent/Textures/T_Shelf_N.uasset
[2015.04.11-23.33.57:928][  0]LogPackFactory: Content/StarterContent/Textures/T_Single_Tile_N.uasset (6402) -> ../../../../../../Users/travl_000/Documents/GitHub/DarkCombatEval/Content/StarterContent/Textures/T_Single_Tile_N.uasset
[2015.04.11-23.33.57:929][  0]LogPackFactory: Content/StarterContent/Textures/T_Sky_Clouds_M.uasset (450) -> ../../../../../../Users/travl_000/Documents/GitHub/DarkCombatEval/Content/StarterContent/Textures/T_Sky_Clouds_M.uasset
[2015.04.11-23.33.57:929][  0]LogPackFactory: Content/StarterContent/Textures/T_Sky_Stars.uasset (447) -> ../../../../../../Users/travl_000/Documents/GitHub/DarkCombatEval/Content/StarterContent/Textures/T_Sky_Stars.uasset
[2015.04.11-23.33.57:930][  0]LogPackFactory: Content/StarterContent/Textures/T_Smoke_SubUV.uasset (2630744) -> ../../../../../../Users/travl_000/Documents/GitHub/DarkCombatEval/Content/StarterContent/Textures/T_Smoke_SubUV.uasset
[2015.04.11-23.33.57:935][  0]LogPackFactory: Content/StarterContent/Textures/T_Smoke_Tiled_D.uasset (91431) -> ../../../../../../Users/travl_000/Documents/GitHub/DarkCombatEval/Content/StarterContent/Textures/T_Smoke_Tiled_D.uasset
[2015.04.11-23.33.57:936][  0]LogPackFactory: Content/StarterContent/Textures/T_Spark_Core.uasset (162316) -> ../../../../../../Users/travl_000/Documents/GitHub/DarkCombatEval/Content/StarterContent/Textures/T_Spark_Core.uasset
[2015.04.11-23.33.57:936][  0]LogPackFactory: Content/StarterContent/Textures/T_Statue_M.uasset (546786) -> ../../../../../../Users/travl_000/Documents/GitHub/DarkCombatEval/Content/StarterContent/Textures/T_Statue_M.uasset
[2015.04.11-23.33.57:937][  0]LogPackFactory: Content/StarterContent/Textures/T_Statue_N.uasset (515360) -> ../../../../../../Users/travl_000/Documents/GitHub/DarkCombatEval/Content/StarterContent/Textures/T_Statue_N.uasset
[2015.04.11-23.33.57:938][  0]LogPackFactory: Content/StarterContent/Textures/T_Stone_Brick_D.uasset (451) -> ../../../../../../Users/travl_000/Documents/GitHub/DarkCombatEval/Content/StarterContent/Textures/T_Stone_Brick_D.uasset
[2015.04.11-23.33.57:939][  0]LogPackFactory: Content/StarterContent/Textures/T_Stone_Brick_N.uasset (451) -> ../../../../../../Users/travl_000/Documents/GitHub/DarkCombatEval/Content/StarterContent/Textures/T_Stone_Brick_N.uasset
[2015.04.11-23.33.57:940][  0]LogPackFactory: Content/StarterContent/Textures/T_TableRound_M.uasset (870486) -> ../../../../../../Users/travl_000/Documents/GitHub/DarkCombatEval/Content/StarterContent/Textures/T_TableRound_M.uasset
[2015.04.11-23.33.57:941][  0]LogPackFactory: Content/StarterContent/Textures/T_TableRound_N.uasset (1549086) -> ../../../../../../Users/travl_000/Documents/GitHub/DarkCombatEval/Content/StarterContent/Textures/T_TableRound_N.uasset
[2015.04.11-23.33.57:943][  0]LogPackFactory: Content/StarterContent/Textures/T_Tech_Dot_M.uasset (107174) -> ../../../../../../Users/travl_000/Documents/GitHub/DarkCombatEval/Content/StarterContent/Textures/T_Tech_Dot_M.uasset
[2015.04.11-23.33.57:944][  0]LogPackFactory: Content/StarterContent/Textures/T_Tech_Dot_N.uasset (202333) -> ../../../../../../Users/travl_000/Documents/GitHub/DarkCombatEval/Content/StarterContent/Textures/T_Tech_Dot_N.uasset
[2015.04.11-23.33.57:945][  0]LogPackFactory: Content/StarterContent/Textures/T_Tech_Hex_Tile_M.uasset (793459) -> ../../../../../../Users/travl_000/Documents/GitHub/DarkCombatEval/Content/StarterContent/Textures/T_Tech_Hex_Tile_M.uasset
[2015.04.11-23.33.57:946][  0]LogPackFactory: Content/StarterContent/Textures/T_Tech_Hex_Tile_N.uasset (493875) -> ../../../../../../Users/travl_000/Documents/GitHub/DarkCombatEval/Content/StarterContent/Textures/T_Tech_Hex_Tile_N.uasset
[2015.04.11-23.33.57:947][  0]LogPackFactory: Content/StarterContent/Textures/T_Tech_Panel_M.uasset (979689) -> ../../../../../../Users/travl_000/Documents/GitHub/DarkCombatEval/Content/StarterContent/Textures/T_Tech_Panel_M.uasset
[2015.04.11-23.33.57:949][  0]LogPackFactory: Content/StarterContent/Textures/T_Tech_Panel_N.uasset (1860674) -> ../../../../../../Users/travl_000/Documents/GitHub/DarkCombatEval/Content/StarterContent/Textures/T_Tech_Panel_N.uasset
[2015.04.11-23.33.57:954][  0]LogPackFactory: Content/StarterContent/Textures/T_Underground_Base_Pipe_D.uasset (461) -> ../../../../../../Users/travl_000/Documents/GitHub/DarkCombatEval/Content/StarterContent/Textures/T_Underground_Base_Pipe_D.uasset
[2015.04.11-23.33.57:959][  0]LogPackFactory: Content/StarterContent/Textures/T_Underground_Base_Pipe_N.uasset (461) -> ../../../../../../Users/travl_000/Documents/GitHub/DarkCombatEval/Content/StarterContent/Textures/T_Underground_Base_Pipe_N.uasset
[2015.04.11-23.33.57:960][  0]LogPackFactory: Content/StarterContent/Textures/T_UNV_Concrete02.uasset (452) -> ../../../../../../Users/travl_000/Documents/GitHub/DarkCombatEval/Content/StarterContent/Textures/T_UNV_Concrete02.uasset
[2015.04.11-23.33.57:961][  0]LogPackFactory: Content/StarterContent/Textures/T_UNV_Concrete02_N.uasset (454) -> ../../../../../../Users/travl_000/Documents/GitHub/DarkCombatEval/Content/StarterContent/Textures/T_UNV_Concrete02_N.uasset
[2015.04.11-23.33.57:962][  0]LogPackFactory: Content/StarterContent/Textures/T_Water_M.uasset (1696467) -> ../../../../../../Users/travl_000/Documents/GitHub/DarkCombatEval/Content/StarterContent/Textures/T_Water_M.uasset
[2015.04.11-23.33.57:965][  0]LogPackFactory: Content/StarterContent/Textures/T_Water_N.uasset (2087420) -> ../../../../../../Users/travl_000/Documents/GitHub/DarkCombatEval/Content/StarterContent/Textures/T_Water_N.uasset
[2015.04.11-23.33.57:967][  0]LogPackFactory: Content/StarterContent/Textures/T_White_Painted_Metal_D.uasset (459) -> ../../../../../../Users/travl_000/Documents/GitHub/DarkCombatEval/Content/StarterContent/Textures/T_White_Painted_Metal_D.uasset
[2015.04.11-23.33.57:968][  0]LogPackFactory: Content/StarterContent/Textures/T_White_Painted_Metal_N.uasset (459) -> ../../../../../../Users/travl_000/Documents/GitHub/DarkCombatEval/Content/StarterContent/Textures/T_White_Painted_Metal_N.uasset
[2015.04.11-23.33.57:969][  0]LogPackFactory: Content/StarterContent/Textures/T_Wood_a_d.uasset (446) -> ../../../../../../Users/travl_000/Documents/GitHub/DarkCombatEval/Content/StarterContent/Textures/T_Wood_a_d.uasset
[2015.04.11-23.33.57:969][  0]LogPackFactory: Content/StarterContent/Textures/T_Wood_A_N.uasset (446) -> ../../../../../../Users/travl_000/Documents/GitHub/DarkCombatEval/Content/StarterContent/Textures/T_Wood_A_N.uasset
[2015.04.11-23.33.57:970][  0]LogPackFactory: Content/StarterContent/Textures/T_Wood_A_S.uasset (446) -> ../../../../../../Users/travl_000/Documents/GitHub/DarkCombatEval/Content/StarterContent/Textures/T_Wood_A_S.uasset
[2015.04.11-23.33.57:971][  0]LogPackFactory: Content/StarterContent/Textures/T_Wood_Floor_Walnut_D.uasset (4584206) -> ../../../../../../Users/travl_000/Documents/GitHub/DarkCombatEval/Content/StarterContent/Textures/T_Wood_Floor_Walnut_D.uasset
[2015.04.11-23.33.57:974][  0]LogPackFactory: Content/StarterContent/Textures/T_Wood_Floor_Walnut_M.uasset (3940729) -> ../../../../../../Users/travl_000/Documents/GitHub/DarkCombatEval/Content/StarterContent/Textures/T_Wood_Floor_Walnut_M.uasset
[2015.04.11-23.33.57:982][  0]LogPackFactory: Content/StarterContent/Textures/T_Wood_Floor_Walnut_N.uasset (2858538) -> ../../../../../../Users/travl_000/Documents/GitHub/DarkCombatEval/Content/StarterContent/Textures/T_Wood_Floor_Walnut_N.uasset
[2015.04.11-23.33.57:991][  0]LogPackFactory: Content/StarterContent/Textures/T_Wood_Oak_D.uasset (6707252) -> ../../../../../../Users/travl_000/Documents/GitHub/DarkCombatEval/Content/StarterContent/Textures/T_Wood_Oak_D.uasset
[2015.04.11-23.33.58:005][  0]LogPackFactory: Content/StarterContent/Textures/T_Wood_Oak_N.uasset (6245295) -> ../../../../../../Users/travl_000/Documents/GitHub/DarkCombatEval/Content/StarterContent/Textures/T_Wood_Oak_N.uasset
[2015.04.11-23.33.58:023][  0]LogPackFactory: Content/StarterContent/Textures/T_Wood_Pine_D.uasset (9690724) -> ../../../../../../Users/travl_000/Documents/GitHub/DarkCombatEval/Content/StarterContent/Textures/T_Wood_Pine_D.uasset
[2015.04.11-23.33.58:045][  0]LogPackFactory: Content/StarterContent/Textures/T_Wood_Pine_N.uasset (3467174) -> ../../../../../../Users/travl_000/Documents/GitHub/DarkCombatEval/Content/StarterContent/Textures/T_Wood_Pine_N.uasset
[2015.04.11-23.33.58:052][  0]LogPackFactory: Content/StarterContent/Textures/T_Wood_Walnut_D.uasset (6509713) -> ../../../../../../Users/travl_000/Documents/GitHub/DarkCombatEval/Content/StarterContent/Textures/T_Wood_Walnut_D.uasset
[2015.04.11-23.33.58:069][  0]LogPackFactory: Content/StarterContent/Textures/T_Wood_Walnut_N.uasset (3836013) -> ../../../../../../Users/travl_000/Documents/GitHub/DarkCombatEval/Content/StarterContent/Textures/T_Wood_Walnut_N.uasset
[2015.04.11-23.33.58:080][  0]LogPackFactory: Finished extracting 750 files (including 0 errors).
[2015.04.11-23.33.58:298][  0]LogRenderer:Warning: Reallocating scene render targets to support 256x256 (Frame:2).
[2015.04.11-23.33.58:837][  0]LogSavePackage: Save=387.597473ms
[2015.04.11-23.33.58:837][  0]LogSavePackage: Moving '../../../../../../Users/travl_000/Documents/GitHub/DarkCombatEval/Saved/Floor_400x400ED99D9B1415E4C951A6902B11F3545B3.tmp' to '../../../../../../Users/travl_000/Documents/GitHub/DarkCombatEval/Content/StarterContent/Architecture/Floor_400x400.uasset'
[2015.04.11-23.33.58:839][  0]LogFeaturePack:Warning: Inserted 1 feature packs
[2015.04.11-23.33.58:841][  0]Cmd: MAP LOAD FILE="../../../../../../Users/travl_000/Documents/GitHub/DarkCombatEval/Content/TopDownBP/Maps/TopDownExampleMap.umap" TEMPLATE=0 SHOWPROGRESS=1 FEATURELEVEL=3
[2015.04.11-23.33.58:841][  0]LightingResults: New page: Lighting Build
[2015.04.11-23.33.58:853][  0]MapCheck: New page: Map Check
[2015.04.11-23.33.58:853][  0]LightingResults: New page: Lig